{"/Users/riyadmehdiyev/churnvision_web_1_0/frontend/src/components/AccessibilityProvider.tsx": {"path":"/Users/riyadmehdiyev/churnvision_web_1_0/frontend/src/components/AccessibilityProvider.tsx","statementMap":{"0":{"start":{"line":9,"column":6},"end":{"line":9,"column":null}},"1":{"start":{"line":16,"column":40},"end":{"line":16,"column":null}},"2":{"start":{"line":19,"column":2},"end":{"line":37,"column":null}},"3":{"start":{"line":20,"column":26},"end":{"line":24,"column":null}},"4":{"start":{"line":21,"column":6},"end":{"line":23,"column":null}},"5":{"start":{"line":22,"column":8},"end":{"line":22,"column":null}},"6":{"start":{"line":26,"column":28},"end":{"line":28,"column":null}},"7":{"start":{"line":27,"column":6},"end":{"line":27,"column":null}},"8":{"start":{"line":30,"column":4},"end":{"line":30,"column":null}},"9":{"start":{"line":31,"column":4},"end":{"line":31,"column":null}},"10":{"start":{"line":33,"column":4},"end":{"line":36,"column":null}},"11":{"start":{"line":34,"column":6},"end":{"line":34,"column":null}},"12":{"start":{"line":35,"column":6},"end":{"line":35,"column":null}},"13":{"start":{"line":40,"column":2},"end":{"line":61,"column":null}},"14":{"start":{"line":41,"column":18},"end":{"line":41,"column":null}},"15":{"start":{"line":43,"column":4},"end":{"line":43,"column":null}},"16":{"start":{"line":53,"column":4},"end":{"line":53,"column":null}},"17":{"start":{"line":55,"column":4},"end":{"line":55,"column":null}},"18":{"start":{"line":57,"column":4},"end":{"line":60,"column":null}},"19":{"start":{"line":58,"column":6},"end":{"line":58,"column":null}},"20":{"start":{"line":59,"column":6},"end":{"line":59,"column":null}},"21":{"start":{"line":64,"column":33},"end":{"line":79,"column":null}},"22":{"start":{"line":65,"column":22},"end":{"line":65,"column":null}},"23":{"start":{"line":67,"column":4},"end":{"line":78,"column":null}},"24":{"start":{"line":68,"column":6},"end":{"line":68,"column":null}},"25":{"start":{"line":70,"column":27},"end":{"line":70,"column":null}},"26":{"start":{"line":71,"column":6},"end":{"line":71,"column":null}},"27":{"start":{"line":72,"column":6},"end":{"line":72,"column":null}},"28":{"start":{"line":73,"column":6},"end":{"line":73,"column":null}},"29":{"start":{"line":74,"column":6},"end":{"line":74,"column":null}},"30":{"start":{"line":75,"column":6},"end":{"line":75,"column":null}},"31":{"start":{"line":77,"column":6},"end":{"line":77,"column":null}},"32":{"start":{"line":81,"column":2},"end":{"line":91,"column":null}},"33":{"start":{"line":95,"column":32},"end":{"line":103,"column":null}},"34":{"start":{"line":96,"column":8},"end":{"line":96,"column":null}},"35":{"start":{"line":98,"column":2},"end":{"line":100,"column":null}},"36":{"start":{"line":99,"column":4},"end":{"line":99,"column":null}},"37":{"start":{"line":102,"column":2},"end":{"line":102,"column":null}}},"fnMap":{"0":{"name":"AccessibilityProvider","decl":{"start":{"line":15,"column":16},"end":{"line":15,"column":38}},"loc":{"start":{"line":15,"column":100},"end":{"line":93,"column":null}},"line":15},"1":{"name":"(anonymous_1)","decl":{"start":{"line":19,"column":12},"end":{"line":19,"column":18}},"loc":{"start":{"line":19,"column":18},"end":{"line":37,"column":5}},"line":19},"2":{"name":"(anonymous_2)","decl":{"start":{"line":20,"column":26},"end":{"line":20,"column":27}},"loc":{"start":{"line":20,"column":52},"end":{"line":24,"column":null}},"line":20},"3":{"name":"(anonymous_3)","decl":{"start":{"line":26,"column":28},"end":{"line":26,"column":34}},"loc":{"start":{"line":26,"column":34},"end":{"line":28,"column":null}},"line":26},"4":{"name":"(anonymous_4)","decl":{"start":{"line":33,"column":11},"end":{"line":33,"column":17}},"loc":{"start":{"line":33,"column":17},"end":{"line":36,"column":null}},"line":33},"5":{"name":"(anonymous_5)","decl":{"start":{"line":40,"column":12},"end":{"line":40,"column":18}},"loc":{"start":{"line":40,"column":18},"end":{"line":61,"column":5}},"line":40},"6":{"name":"(anonymous_6)","decl":{"start":{"line":57,"column":11},"end":{"line":57,"column":17}},"loc":{"start":{"line":57,"column":17},"end":{"line":60,"column":null}},"line":57},"7":{"name":"(anonymous_7)","decl":{"start":{"line":64,"column":33},"end":{"line":64,"column":34}},"loc":{"start":{"line":64,"column":54},"end":{"line":79,"column":null}},"line":64},"8":{"name":"(anonymous_8)","decl":{"start":{"line":95,"column":32},"end":{"line":95,"column":64}},"loc":{"start":{"line":95,"column":64},"end":{"line":103,"column":null}},"line":95}},"branchMap":{"0":{"loc":{"start":{"line":21,"column":6},"end":{"line":23,"column":null}},"type":"if","locations":[{"start":{"line":21,"column":6},"end":{"line":23,"column":null}},{"start":{},"end":{}}],"line":21},"1":{"loc":{"start":{"line":67,"column":4},"end":{"line":78,"column":null}},"type":"if","locations":[{"start":{"line":67,"column":4},"end":{"line":78,"column":null}},{"start":{"line":69,"column":11},"end":{"line":78,"column":null}}],"line":67},"2":{"loc":{"start":{"line":98,"column":2},"end":{"line":100,"column":null}},"type":"if","locations":[{"start":{"line":98,"column":2},"end":{"line":100,"column":null}},{"start":{},"end":{}}],"line":98}},"s":{"0":1,"1":6,"2":6,"3":3,"4":2,"5":2,"6":3,"7":1,"8":3,"9":3,"10":3,"11":3,"12":3,"13":6,"14":3,"15":3,"16":3,"17":3,"18":3,"19":3,"20":3,"21":6,"22":1,"23":1,"24":1,"25":0,"26":0,"27":0,"28":0,"29":0,"30":0,"31":0,"32":6,"33":1,"34":11,"35":11,"36":4,"37":6},"f":{"0":6,"1":3,"2":2,"3":1,"4":3,"5":3,"6":3,"7":1,"8":11},"b":{"0":[2,0],"1":[1,0],"2":[4,7]},"meta":{"lastBranch":3,"lastFunction":9,"lastStatement":38,"seen":{"s:9:6:9:Infinity":0,"f:15:16:15:38":0,"s:16:40:16:Infinity":1,"s:19:2:37:Infinity":2,"f:19:12:19:18":1,"s:20:26:24:Infinity":3,"f:20:26:20:27":2,"b:21:6:23:Infinity:undefined:undefined:undefined:undefined":0,"s:21:6:23:Infinity":4,"s:22:8:22:Infinity":5,"s:26:28:28:Infinity":6,"f:26:28:26:34":3,"s:27:6:27:Infinity":7,"s:30:4:30:Infinity":8,"s:31:4:31:Infinity":9,"s:33:4:36:Infinity":10,"f:33:11:33:17":4,"s:34:6:34:Infinity":11,"s:35:6:35:Infinity":12,"s:40:2:61:Infinity":13,"f:40:12:40:18":5,"s:41:18:41:Infinity":14,"s:43:4:43:Infinity":15,"s:53:4:53:Infinity":16,"s:55:4:55:Infinity":17,"s:57:4:60:Infinity":18,"f:57:11:57:17":6,"s:58:6:58:Infinity":19,"s:59:6:59:Infinity":20,"s:64:33:79:Infinity":21,"f:64:33:64:34":7,"s:65:22:65:Infinity":22,"b:67:4:78:Infinity:69:11:78:Infinity":1,"s:67:4:78:Infinity":23,"s:68:6:68:Infinity":24,"s:70:27:70:Infinity":25,"s:71:6:71:Infinity":26,"s:72:6:72:Infinity":27,"s:73:6:73:Infinity":28,"s:74:6:74:Infinity":29,"s:75:6:75:Infinity":30,"s:77:6:77:Infinity":31,"s:81:2:91:Infinity":32,"s:95:32:103:Infinity":33,"f:95:32:95:64":8,"s:96:8:96:Infinity":34,"b:98:2:100:Infinity:undefined:undefined:undefined:undefined":2,"s:98:2:100:Infinity":35,"s:99:4:99:Infinity":36,"s:102:2:102:Infinity":37}}}
,"/Users/riyadmehdiyev/churnvision_web_1_0/frontend/src/components/auth/ProtectedRoute.tsx": {"path":"/Users/riyadmehdiyev/churnvision_web_1_0/frontend/src/components/auth/ProtectedRoute.tsx","statementMap":{"0":{"start":{"line":11,"column":23},"end":{"line":49,"column":null}},"1":{"start":{"line":12,"column":2},"end":{"line":48,"column":null}},"2":{"start":{"line":14,"column":6},"end":{"line":25,"column":null}},"3":{"start":{"line":27,"column":6},"end":{"line":39,"column":null}},"4":{"start":{"line":41,"column":6},"end":{"line":47,"column":null}},"5":{"start":{"line":52,"column":33},"end":{"line":52,"column":null}},"6":{"start":{"line":54,"column":2},"end":{"line":56,"column":null}},"7":{"start":{"line":55,"column":4},"end":{"line":55,"column":null}},"8":{"start":{"line":58,"column":22},"end":{"line":58,"column":null}},"9":{"start":{"line":59,"column":22},"end":{"line":59,"column":null}},"10":{"start":{"line":61,"column":2},"end":{"line":165,"column":null}},"11":{"start":{"line":123,"column":18},"end":{"line":134,"column":null}},"12":{"start":{"line":142,"column":31},"end":{"line":142,"column":null}},"13":{"start":{"line":150,"column":18},"end":{"line":150,"column":null}}},"fnMap":{"0":{"name":"(anonymous_0)","decl":{"start":{"line":11,"column":23},"end":{"line":11,"column":24}},"loc":{"start":{"line":11,"column":44},"end":{"line":49,"column":null}},"line":11},"1":{"name":"ProtectedRoute","decl":{"start":{"line":51,"column":16},"end":{"line":51,"column":31}},"loc":{"start":{"line":51,"column":75},"end":{"line":167,"column":null}},"line":51},"2":{"name":"(anonymous_2)","decl":{"start":{"line":122,"column":42},"end":{"line":122,"column":43}},"loc":{"start":{"line":123,"column":18},"end":{"line":134,"column":null}},"line":123},"3":{"name":"(anonymous_3)","decl":{"start":{"line":142,"column":25},"end":{"line":142,"column":31}},"loc":{"start":{"line":142,"column":31},"end":{"line":142,"column":null}},"line":142},"4":{"name":"(anonymous_4)","decl":{"start":{"line":148,"column":25},"end":{"line":148,"column":31}},"loc":{"start":{"line":148,"column":31},"end":{"line":151,"column":null}},"line":148}},"branchMap":{"0":{"loc":{"start":{"line":12,"column":2},"end":{"line":48,"column":null}},"type":"switch","locations":[{"start":{"line":13,"column":4},"end":{"line":25,"column":null}},{"start":{"line":26,"column":4},"end":{"line":39,"column":null}},{"start":{"line":40,"column":4},"end":{"line":47,"column":null}}],"line":12},"1":{"loc":{"start":{"line":54,"column":2},"end":{"line":56,"column":null}},"type":"if","locations":[{"start":{"line":54,"column":2},"end":{"line":56,"column":null}},{"start":{},"end":{}}],"line":54}},"s":{"0":1,"1":3,"2":2,"3":1,"4":0,"5":4,"6":4,"7":1,"8":3,"9":3,"10":3,"11":13,"12":0,"13":0},"f":{"0":3,"1":4,"2":13,"3":0,"4":0},"b":{"0":[2,1,0],"1":[1,3]},"meta":{"lastBranch":2,"lastFunction":5,"lastStatement":14,"seen":{"s:11:23:49:Infinity":0,"f:11:23:11:24":0,"b:13:4:25:Infinity:26:4:39:Infinity:40:4:47:Infinity":0,"s:12:2:48:Infinity":1,"s:14:6:25:Infinity":2,"s:27:6:39:Infinity":3,"s:41:6:47:Infinity":4,"f:51:16:51:31":1,"s:52:33:52:Infinity":5,"b:54:2:56:Infinity:undefined:undefined:undefined:undefined":1,"s:54:2:56:Infinity":6,"s:55:4:55:Infinity":7,"s:58:22:58:Infinity":8,"s:59:22:59:Infinity":9,"s:61:2:165:Infinity":10,"f:122:42:122:43":2,"s:123:18:134:Infinity":11,"f:142:25:142:31":3,"s:142:31:142:Infinity":12,"f:148:25:148:31":4,"s:150:18:150:Infinity":13}}}
,"/Users/riyadmehdiyev/churnvision_web_1_0/frontend/src/components/common/ErrorBoundary.tsx": {"path":"/Users/riyadmehdiyev/churnvision_web_1_0/frontend/src/components/common/ErrorBoundary.tsx","statementMap":{"0":{"start":{"line":22,"column":23},"end":{"line":22,"column":null}},"1":{"start":{"line":23,"column":23},"end":{"line":23,"column":null}},"2":{"start":{"line":64,"column":21},"end":{"line":96,"column":null}},"3":{"start":{"line":98,"column":24},"end":{"line":111,"column":null}},"4":{"start":{"line":113,"column":25},"end":{"line":115,"column":null}},"5":{"start":{"line":117,"column":25},"end":{"line":119,"column":null}},"6":{"start":{"line":121,"column":29},"end":{"line":135,"column":null}},"7":{"start":{"line":26,"column":4},"end":{"line":26,"column":null}},"8":{"start":{"line":27,"column":4},"end":{"line":32,"column":null}},"9":{"start":{"line":37,"column":20},"end":{"line":37,"column":null}},"10":{"start":{"line":39,"column":4},"end":{"line":43,"column":null}},"11":{"start":{"line":47,"column":4},"end":{"line":49,"column":null}},"12":{"start":{"line":52,"column":4},"end":{"line":52,"column":null}},"13":{"start":{"line":53,"column":4},"end":{"line":53,"column":null}},"14":{"start":{"line":56,"column":4},"end":{"line":58,"column":null}},"15":{"start":{"line":57,"column":6},"end":{"line":57,"column":null}},"16":{"start":{"line":61,"column":4},"end":{"line":61,"column":null}},"17":{"start":{"line":65,"column":4},"end":{"line":95,"column":null}},"18":{"start":{"line":66,"column":24},"end":{"line":76,"column":null}},"19":{"start":{"line":79,"column":6},"end":{"line":79,"column":null}},"20":{"start":{"line":85,"column":27},"end":{"line":85,"column":null}},"21":{"start":{"line":86,"column":6},"end":{"line":86,"column":null}},"22":{"start":{"line":88,"column":6},"end":{"line":90,"column":null}},"23":{"start":{"line":89,"column":8},"end":{"line":89,"column":null}},"24":{"start":{"line":91,"column":6},"end":{"line":91,"column":null}},"25":{"start":{"line":94,"column":6},"end":{"line":94,"column":null}},"26":{"start":{"line":99,"column":4},"end":{"line":110,"column":null}},"27":{"start":{"line":100,"column":6},"end":{"line":100,"column":null}},"28":{"start":{"line":101,"column":6},"end":{"line":106,"column":null}},"29":{"start":{"line":109,"column":6},"end":{"line":109,"column":null}},"30":{"start":{"line":114,"column":4},"end":{"line":114,"column":null}},"31":{"start":{"line":118,"column":4},"end":{"line":118,"column":null}},"32":{"start":{"line":122,"column":22},"end":{"line":129,"column":null}},"33":{"start":{"line":131,"column":4},"end":{"line":134,"column":null}},"34":{"start":{"line":133,"column":6},"end":{"line":133,"column":null}},"35":{"start":{"line":138,"column":4},"end":{"line":264,"column":null}},"36":{"start":{"line":140,"column":6},"end":{"line":142,"column":null}},"37":{"start":{"line":141,"column":8},"end":{"line":141,"column":null}},"38":{"start":{"line":144,"column":38},"end":{"line":144,"column":null}},"39":{"start":{"line":145,"column":23},"end":{"line":145,"column":null}},"40":{"start":{"line":146,"column":27},"end":{"line":146,"column":null}},"41":{"start":{"line":149,"column":6},"end":{"line":228,"column":null}},"42":{"start":{"line":150,"column":8},"end":{"line":226,"column":null}},"43":{"start":{"line":231,"column":6},"end":{"line":262,"column":null}},"44":{"start":{"line":266,"column":4},"end":{"line":266,"column":null}},"45":{"start":{"line":273,"column":33},"end":{"line":286,"column":null}},"46":{"start":{"line":277,"column":27},"end":{"line":280,"column":null}},"47":{"start":{"line":278,"column":4},"end":{"line":280,"column":null}},"48":{"start":{"line":283,"column":2},"end":{"line":283,"column":null}},"49":{"start":{"line":285,"column":2},"end":{"line":285,"column":null}},"50":{"start":{"line":289,"column":31},"end":{"line":305,"column":null}},"51":{"start":{"line":290,"column":2},"end":{"line":304,"column":null}},"52":{"start":{"line":291,"column":4},"end":{"line":291,"column":null}},"53":{"start":{"line":294,"column":22},"end":{"line":300,"column":null}}},"fnMap":{"0":{"name":"(anonymous_0)","decl":{"start":{"line":25,"column":2},"end":{"line":25,"column":14}},"loc":{"start":{"line":25,"column":28},"end":{"line":33,"column":null}},"line":25},"1":{"name":"(anonymous_1)","decl":{"start":{"line":35,"column":9},"end":{"line":35,"column":34}},"loc":{"start":{"line":35,"column":64},"end":{"line":44,"column":null}},"line":35},"2":{"name":"(anonymous_2)","decl":{"start":{"line":46,"column":2},"end":{"line":46,"column":20}},"loc":{"start":{"line":46,"column":56},"end":{"line":62,"column":null}},"line":46},"3":{"name":"(anonymous_3)","decl":{"start":{"line":64,"column":21},"end":{"line":64,"column":22}},"loc":{"start":{"line":64,"column":61},"end":{"line":96,"column":null}},"line":64},"4":{"name":"(anonymous_4)","decl":{"start":{"line":98,"column":24},"end":{"line":98,"column":30}},"loc":{"start":{"line":98,"column":30},"end":{"line":111,"column":null}},"line":98},"5":{"name":"(anonymous_5)","decl":{"start":{"line":113,"column":25},"end":{"line":113,"column":31}},"loc":{"start":{"line":113,"column":31},"end":{"line":115,"column":null}},"line":113},"6":{"name":"(anonymous_6)","decl":{"start":{"line":117,"column":25},"end":{"line":117,"column":31}},"loc":{"start":{"line":117,"column":31},"end":{"line":119,"column":null}},"line":117},"7":{"name":"(anonymous_7)","decl":{"start":{"line":121,"column":29},"end":{"line":121,"column":35}},"loc":{"start":{"line":121,"column":35},"end":{"line":135,"column":null}},"line":121},"8":{"name":"(anonymous_8)","decl":{"start":{"line":131,"column":50},"end":{"line":131,"column":56}},"loc":{"start":{"line":131,"column":56},"end":{"line":134,"column":5}},"line":131},"9":{"name":"(anonymous_9)","decl":{"start":{"line":137,"column":2},"end":{"line":137,"column":11}},"loc":{"start":{"line":137,"column":11},"end":{"line":267,"column":null}},"line":137},"10":{"name":"(anonymous_10)","decl":{"start":{"line":273,"column":33},"end":{"line":273,"column":null}},"loc":{"start":{"line":276,"column":5},"end":{"line":286,"column":null}},"line":276},"11":{"name":"(anonymous_11)","decl":{"start":{"line":277,"column":27},"end":{"line":277,"column":28}},"loc":{"start":{"line":278,"column":4},"end":{"line":280,"column":null}},"line":278},"12":{"name":"(anonymous_12)","decl":{"start":{"line":289,"column":31},"end":{"line":289,"column":37}},"loc":{"start":{"line":289,"column":37},"end":{"line":305,"column":null}},"line":289},"13":{"name":"(anonymous_13)","decl":{"start":{"line":290,"column":9},"end":{"line":290,"column":10}},"loc":{"start":{"line":290,"column":45},"end":{"line":304,"column":null}},"line":290}},"branchMap":{"0":{"loc":{"start":{"line":56,"column":4},"end":{"line":58,"column":null}},"type":"if","locations":[{"start":{"line":56,"column":4},"end":{"line":58,"column":null}},{"start":{},"end":{}}],"line":56},"1":{"loc":{"start":{"line":74,"column":15},"end":{"line":74,"column":null}},"type":"binary-expr","locations":[{"start":{"line":74,"column":15},"end":{"line":74,"column":35}},{"start":{"line":74,"column":35},"end":{"line":74,"column":null}}],"line":74},"2":{"loc":{"start":{"line":85,"column":38},"end":{"line":85,"column":80}},"type":"binary-expr","locations":[{"start":{"line":85,"column":38},"end":{"line":85,"column":76}},{"start":{"line":85,"column":76},"end":{"line":85,"column":80}}],"line":85},"3":{"loc":{"start":{"line":88,"column":6},"end":{"line":90,"column":null}},"type":"if","locations":[{"start":{"line":88,"column":6},"end":{"line":90,"column":null}},{"start":{},"end":{}}],"line":88},"4":{"loc":{"start":{"line":99,"column":4},"end":{"line":110,"column":null}},"type":"if","locations":[{"start":{"line":99,"column":4},"end":{"line":110,"column":null}},{"start":{"line":107,"column":11},"end":{"line":110,"column":null}}],"line":99},"5":{"loc":{"start":{"line":138,"column":4},"end":{"line":264,"column":null}},"type":"if","locations":[{"start":{"line":138,"column":4},"end":{"line":264,"column":null}},{"start":{},"end":{}}],"line":138},"6":{"loc":{"start":{"line":140,"column":6},"end":{"line":142,"column":null}},"type":"if","locations":[{"start":{"line":140,"column":6},"end":{"line":142,"column":null}},{"start":{},"end":{}}],"line":140},"7":{"loc":{"start":{"line":144,"column":14},"end":{"line":144,"column":34}},"type":"default-arg","locations":[{"start":{"line":144,"column":22},"end":{"line":144,"column":34}}],"line":144},"8":{"loc":{"start":{"line":146,"column":27},"end":{"line":146,"column":null}},"type":"binary-expr","locations":[{"start":{"line":146,"column":27},"end":{"line":146,"column":56}},{"start":{"line":146,"column":56},"end":{"line":146,"column":null}}],"line":146},"9":{"loc":{"start":{"line":149,"column":6},"end":{"line":228,"column":null}},"type":"if","locations":[{"start":{"line":149,"column":6},"end":{"line":228,"column":null}},{"start":{},"end":{}}],"line":149},"10":{"loc":{"start":{"line":149,"column":10},"end":{"line":149,"column":52}},"type":"binary-expr","locations":[{"start":{"line":149,"column":10},"end":{"line":149,"column":34}},{"start":{"line":149,"column":34},"end":{"line":149,"column":52}}],"line":149},"11":{"loc":{"start":{"line":158,"column":19},"end":{"line":158,"column":null}},"type":"cond-expr","locations":[{"start":{"line":158,"column":42},"end":{"line":158,"column":73}},{"start":{"line":158,"column":73},"end":{"line":158,"column":null}}],"line":158},"12":{"loc":{"start":{"line":161,"column":19},"end":{"line":163,"column":null}},"type":"cond-expr","locations":[{"start":{"line":162,"column":22},"end":{"line":162,"column":null}},{"start":{"line":163,"column":22},"end":{"line":163,"column":null}}],"line":161},"13":{"loc":{"start":{"line":172,"column":19},"end":{"line":175,"column":null}},"type":"binary-expr","locations":[{"start":{"line":172,"column":19},"end":{"line":172,"column":null}},{"start":{"line":173,"column":20},"end":{"line":175,"column":null}}],"line":172},"14":{"loc":{"start":{"line":180,"column":19},"end":{"line":184,"column":null}},"type":"binary-expr","locations":[{"start":{"line":180,"column":19},"end":{"line":180,"column":null}},{"start":{"line":181,"column":20},"end":{"line":184,"column":null}}],"line":180},"15":{"loc":{"start":{"line":196,"column":17},"end":{"line":222,"column":null}},"type":"binary-expr","locations":[{"start":{"line":196,"column":17},"end":{"line":196,"column":null}},{"start":{"line":197,"column":18},"end":{"line":222,"column":null}}],"line":196},"16":{"loc":{"start":{"line":206,"column":23},"end":{"line":210,"column":null}},"type":"binary-expr","locations":[{"start":{"line":206,"column":23},"end":{"line":206,"column":null}},{"start":{"line":207,"column":24},"end":{"line":210,"column":null}}],"line":206},"17":{"loc":{"start":{"line":243,"column":17},"end":{"line":252,"column":null}},"type":"binary-expr","locations":[{"start":{"line":243,"column":17},"end":{"line":243,"column":null}},{"start":{"line":244,"column":18},"end":{"line":252,"column":null}}],"line":243},"18":{"loc":{"start":{"line":254,"column":17},"end":{"line":257,"column":null}},"type":"binary-expr","locations":[{"start":{"line":254,"column":17},"end":{"line":254,"column":null}},{"start":{"line":255,"column":18},"end":{"line":257,"column":null}}],"line":254},"19":{"loc":{"start":{"line":283,"column":54},"end":{"line":283,"column":93}},"type":"binary-expr","locations":[{"start":{"line":283,"column":54},"end":{"line":283,"column":79}},{"start":{"line":283,"column":79},"end":{"line":283,"column":93}}],"line":283},"20":{"loc":{"start":{"line":291,"column":40},"end":{"line":291,"column":70}},"type":"cond-expr","locations":[{"start":{"line":291,"column":50},"end":{"line":291,"column":68}},{"start":{"line":291,"column":68},"end":{"line":291,"column":70}}],"line":291}},"s":{"0":13,"1":13,"2":7,"3":1,"4":0,"5":0,"6":0,"7":14,"8":14,"9":14,"10":14,"11":7,"12":7,"13":7,"14":7,"15":1,"16":7,"17":7,"18":7,"19":7,"20":7,"21":7,"22":7,"23":0,"24":7,"25":0,"26":1,"27":1,"28":1,"29":0,"30":0,"31":0,"32":0,"33":0,"34":0,"35":36,"36":21,"37":3,"38":18,"39":18,"40":18,"41":21,"42":6,"43":12,"44":15,"45":1,"46":0,"47":0,"48":0,"49":0,"50":1,"51":0,"52":0,"53":0},"f":{"0":14,"1":13,"2":7,"3":7,"4":1,"5":0,"6":0,"7":0,"8":0,"9":36,"10":0,"11":0,"12":0,"13":0},"b":{"0":[1,6],"1":[7,5],"2":[7,6],"3":[0,7],"4":[1,0],"5":[21,15],"6":[3,18],"7":[18],"8":[18,0],"9":[6,15],"10":[21,15],"11":[3,3],"12":[3,3],"13":[6,6],"14":[6,6],"15":[6,0],"16":[0,0],"17":[12,12],"18":[21,12],"19":[0,0],"20":[0,0]},"meta":{"lastBranch":21,"lastFunction":14,"lastStatement":54,"seen":{"s:22:23:22:Infinity":0,"s:23:23:23:Infinity":1,"s:64:21:96:Infinity":2,"s:98:24:111:Infinity":3,"s:113:25:115:Infinity":4,"s:117:25:119:Infinity":5,"s:121:29:135:Infinity":6,"f:25:2:25:14":0,"s:26:4:26:Infinity":7,"s:27:4:32:Infinity":8,"f:35:9:35:34":1,"s:37:20:37:Infinity":9,"s:39:4:43:Infinity":10,"f:46:2:46:20":2,"s:47:4:49:Infinity":11,"s:52:4:52:Infinity":12,"s:53:4:53:Infinity":13,"b:56:4:58:Infinity:undefined:undefined:undefined:undefined":0,"s:56:4:58:Infinity":14,"s:57:6:57:Infinity":15,"s:61:4:61:Infinity":16,"f:64:21:64:22":3,"s:65:4:95:Infinity":17,"s:66:24:76:Infinity":18,"b:74:15:74:35:74:35:74:Infinity":1,"s:79:6:79:Infinity":19,"s:85:27:85:Infinity":20,"b:85:38:85:76:85:76:85:80":2,"s:86:6:86:Infinity":21,"b:88:6:90:Infinity:undefined:undefined:undefined:undefined":3,"s:88:6:90:Infinity":22,"s:89:8:89:Infinity":23,"s:91:6:91:Infinity":24,"s:94:6:94:Infinity":25,"f:98:24:98:30":4,"b:99:4:110:Infinity:107:11:110:Infinity":4,"s:99:4:110:Infinity":26,"s:100:6:100:Infinity":27,"s:101:6:106:Infinity":28,"s:109:6:109:Infinity":29,"f:113:25:113:31":5,"s:114:4:114:Infinity":30,"f:117:25:117:31":6,"s:118:4:118:Infinity":31,"f:121:29:121:35":7,"s:122:22:129:Infinity":32,"s:131:4:134:Infinity":33,"f:131:50:131:56":8,"s:133:6:133:Infinity":34,"f:137:2:137:11":9,"b:138:4:264:Infinity:undefined:undefined:undefined:undefined":5,"s:138:4:264:Infinity":35,"b:140:6:142:Infinity:undefined:undefined:undefined:undefined":6,"s:140:6:142:Infinity":36,"s:141:8:141:Infinity":37,"s:144:38:144:Infinity":38,"b:144:22:144:34":7,"s:145:23:145:Infinity":39,"s:146:27:146:Infinity":40,"b:146:27:146:56:146:56:146:Infinity":8,"b:149:6:228:Infinity:undefined:undefined:undefined:undefined":9,"s:149:6:228:Infinity":41,"b:149:10:149:34:149:34:149:52":10,"s:150:8:226:Infinity":42,"b:158:42:158:73:158:73:158:Infinity":11,"b:162:22:162:Infinity:163:22:163:Infinity":12,"b:172:19:172:Infinity:173:20:175:Infinity":13,"b:180:19:180:Infinity:181:20:184:Infinity":14,"b:196:17:196:Infinity:197:18:222:Infinity":15,"b:206:23:206:Infinity:207:24:210:Infinity":16,"s:231:6:262:Infinity":43,"b:243:17:243:Infinity:244:18:252:Infinity":17,"b:254:17:254:Infinity:255:18:257:Infinity":18,"s:266:4:266:Infinity":44,"s:273:33:286:Infinity":45,"f:273:33:273:Infinity":10,"s:277:27:280:Infinity":46,"f:277:27:277:28":11,"s:278:4:280:Infinity":47,"s:283:2:283:Infinity":48,"b:283:54:283:79:283:79:283:93":19,"s:285:2:285:Infinity":49,"s:289:31:305:Infinity":50,"f:289:31:289:37":12,"s:290:2:304:Infinity":51,"f:290:9:290:10":13,"s:291:4:291:Infinity":52,"b:291:50:291:68:291:68:291:70":20,"s:294:22:300:Infinity":53}}}
,"/Users/riyadmehdiyev/churnvision_web_1_0/frontend/src/components/common/LoadingSpinner.tsx": {"path":"/Users/riyadmehdiyev/churnvision_web_1_0/frontend/src/components/common/LoadingSpinner.tsx","statementMap":{"0":{"start":{"line":14,"column":20},"end":{"line":20,"column":null}},"1":{"start":{"line":22,"column":21},"end":{"line":27,"column":null}},"2":{"start":{"line":29,"column":23},"end":{"line":30,"column":null}},"3":{"start":{"line":30,"column":2},"end":{"line":30,"column":null}},"4":{"start":{"line":33,"column":20},"end":{"line":57,"column":null}},"5":{"start":{"line":34,"column":2},"end":{"line":55,"column":null}},"6":{"start":{"line":37,"column":8},"end":{"line":53,"column":null}},"7":{"start":{"line":59,"column":21},"end":{"line":74,"column":null}},"8":{"start":{"line":60,"column":2},"end":{"line":74,"column":null}},"9":{"start":{"line":77,"column":20},"end":{"line":100,"column":null}},"10":{"start":{"line":78,"column":2},"end":{"line":98,"column":null}},"11":{"start":{"line":81,"column":8},"end":{"line":96,"column":null}},"12":{"start":{"line":102,"column":31},"end":{"line":127,"column":null}},"13":{"start":{"line":103,"column":18},"end":{"line":103,"column":null}},"14":{"start":{"line":105,"column":2},"end":{"line":125,"column":null}},"15":{"start":{"line":136,"column":20},"end":{"line":136,"column":null}},"16":{"start":{"line":137,"column":21},"end":{"line":137,"column":null}},"17":{"start":{"line":139,"column":24},"end":{"line":152,"column":null}},"18":{"start":{"line":140,"column":4},"end":{"line":151,"column":null}},"19":{"start":{"line":142,"column":8},"end":{"line":142,"column":null}},"20":{"start":{"line":144,"column":8},"end":{"line":144,"column":null}},"21":{"start":{"line":146,"column":8},"end":{"line":146,"column":null}},"22":{"start":{"line":148,"column":8},"end":{"line":148,"column":null}},"23":{"start":{"line":150,"column":8},"end":{"line":150,"column":null}},"24":{"start":{"line":154,"column":2},"end":{"line":161,"column":null}},"25":{"start":{"line":155,"column":4},"end":{"line":159,"column":null}},"26":{"start":{"line":163,"column":2},"end":{"line":163,"column":null}},"27":{"start":{"line":167,"column":29},"end":{"line":491,"column":null}},"28":{"start":{"line":170,"column":4},"end":{"line":177,"column":null}},"29":{"start":{"line":182,"column":4},"end":{"line":220,"column":null}},"30":{"start":{"line":195,"column":10},"end":{"line":207,"column":null}},"31":{"start":{"line":225,"column":4},"end":{"line":232,"column":null}},"32":{"start":{"line":237,"column":4},"end":{"line":260,"column":null}},"33":{"start":{"line":265,"column":4},"end":{"line":290,"column":null}},"34":{"start":{"line":267,"column":8},"end":{"line":288,"column":null}},"35":{"start":{"line":295,"column":4},"end":{"line":331,"column":null}},"36":{"start":{"line":336,"column":4},"end":{"line":400,"column":null}},"37":{"start":{"line":381,"column":12},"end":{"line":393,"column":null}},"38":{"start":{"line":405,"column":4},"end":{"line":489,"column":null}},"39":{"start":{"line":424,"column":10},"end":{"line":447,"column":null}},"40":{"start":{"line":472,"column":14},"end":{"line":484,"column":null}},"41":{"start":{"line":499,"column":6},"end":{"line":510,"column":null}},"42":{"start":{"line":500,"column":2},"end":{"line":509,"column":null}},"43":{"start":{"line":512,"column":0},"end":{"line":512,"column":null}},"44":{"start":{"line":514,"column":13},"end":{"line":533,"column":null}},"45":{"start":{"line":515,"column":2},"end":{"line":531,"column":null}},"46":{"start":{"line":535,"column":0},"end":{"line":535,"column":null}},"47":{"start":{"line":538,"column":68},"end":{"line":582,"column":null}},"48":{"start":{"line":597,"column":13},"end":{"line":662,"column":null}},"49":{"start":{"line":606,"column":18},"end":{"line":608,"column":null}},"50":{"start":{"line":610,"column":22},"end":{"line":614,"column":null}},"51":{"start":{"line":616,"column":28},"end":{"line":620,"column":null}},"52":{"start":{"line":622,"column":2},"end":{"line":660,"column":null}},"53":{"start":{"line":664,"column":0},"end":{"line":664,"column":null}},"54":{"start":{"line":674,"column":13},"end":{"line":708,"column":null}},"55":{"start":{"line":680,"column":2},"end":{"line":706,"column":null}},"56":{"start":{"line":710,"column":0},"end":{"line":710,"column":null}},"57":{"start":{"line":714,"column":2},"end":{"line":714,"column":null}}},"fnMap":{"0":{"name":"(anonymous_0)","decl":{"start":{"line":29,"column":23},"end":{"line":29,"column":24}},"loc":{"start":{"line":30,"column":2},"end":{"line":30,"column":null}},"line":30},"1":{"name":"(anonymous_1)","decl":{"start":{"line":33,"column":20},"end":{"line":33,"column":21}},"loc":{"start":{"line":33,"column":54},"end":{"line":57,"column":null}},"line":33},"2":{"name":"(anonymous_2)","decl":{"start":{"line":36,"column":21},"end":{"line":36,"column":22}},"loc":{"start":{"line":37,"column":8},"end":{"line":53,"column":null}},"line":37},"3":{"name":"(anonymous_3)","decl":{"start":{"line":59,"column":21},"end":{"line":59,"column":22}},"loc":{"start":{"line":60,"column":2},"end":{"line":74,"column":null}},"line":60},"4":{"name":"(anonymous_4)","decl":{"start":{"line":77,"column":20},"end":{"line":77,"column":21}},"loc":{"start":{"line":77,"column":54},"end":{"line":100,"column":null}},"line":77},"5":{"name":"(anonymous_5)","decl":{"start":{"line":80,"column":27},"end":{"line":80,"column":28}},"loc":{"start":{"line":81,"column":8},"end":{"line":96,"column":null}},"line":81},"6":{"name":"(anonymous_6)","decl":{"start":{"line":102,"column":31},"end":{"line":102,"column":32}},"loc":{"start":{"line":102,"column":63},"end":{"line":127,"column":null}},"line":102},"7":{"name":"LoadingSpinner","decl":{"start":{"line":129,"column":16},"end":{"line":129,"column":31}},"loc":{"start":{"line":135,"column":24},"end":{"line":164,"column":null}},"line":135},"8":{"name":"(anonymous_8)","decl":{"start":{"line":139,"column":24},"end":{"line":139,"column":30}},"loc":{"start":{"line":139,"column":30},"end":{"line":152,"column":null}},"line":139},"9":{"name":"(anonymous_9)","decl":{"start":{"line":169,"column":17},"end":{"line":169,"column":18}},"loc":{"start":{"line":170,"column":4},"end":{"line":177,"column":null}},"line":170},"10":{"name":"(anonymous_10)","decl":{"start":{"line":181,"column":15},"end":{"line":181,"column":16}},"loc":{"start":{"line":182,"column":4},"end":{"line":220,"column":null}},"line":182},"11":{"name":"(anonymous_11)","decl":{"start":{"line":194,"column":23},"end":{"line":194,"column":24}},"loc":{"start":{"line":195,"column":10},"end":{"line":207,"column":null}},"line":195},"12":{"name":"(anonymous_12)","decl":{"start":{"line":224,"column":17},"end":{"line":224,"column":18}},"loc":{"start":{"line":225,"column":4},"end":{"line":232,"column":null}},"line":225},"13":{"name":"(anonymous_13)","decl":{"start":{"line":236,"column":15},"end":{"line":236,"column":16}},"loc":{"start":{"line":237,"column":4},"end":{"line":260,"column":null}},"line":237},"14":{"name":"(anonymous_14)","decl":{"start":{"line":264,"column":16},"end":{"line":264,"column":17}},"loc":{"start":{"line":265,"column":4},"end":{"line":290,"column":null}},"line":265},"15":{"name":"(anonymous_15)","decl":{"start":{"line":266,"column":40},"end":{"line":266,"column":41}},"loc":{"start":{"line":267,"column":8},"end":{"line":288,"column":null}},"line":267},"16":{"name":"(anonymous_16)","decl":{"start":{"line":294,"column":18},"end":{"line":294,"column":19}},"loc":{"start":{"line":295,"column":4},"end":{"line":331,"column":null}},"line":295},"17":{"name":"(anonymous_17)","decl":{"start":{"line":335,"column":21},"end":{"line":335,"column":22}},"loc":{"start":{"line":336,"column":4},"end":{"line":400,"column":null}},"line":336},"18":{"name":"(anonymous_18)","decl":{"start":{"line":380,"column":25},"end":{"line":380,"column":26}},"loc":{"start":{"line":381,"column":12},"end":{"line":393,"column":null}},"line":381},"19":{"name":"(anonymous_19)","decl":{"start":{"line":404,"column":20},"end":{"line":404,"column":null}},"loc":{"start":{"line":405,"column":4},"end":{"line":489,"column":null}},"line":405},"20":{"name":"(anonymous_20)","decl":{"start":{"line":423,"column":39},"end":{"line":423,"column":40}},"loc":{"start":{"line":424,"column":10},"end":{"line":447,"column":null}},"line":424},"21":{"name":"(anonymous_21)","decl":{"start":{"line":471,"column":43},"end":{"line":471,"column":44}},"loc":{"start":{"line":472,"column":14},"end":{"line":484,"column":null}},"line":472},"22":{"name":"(anonymous_22)","decl":{"start":{"line":499,"column":30},"end":{"line":499,"column":null}},"loc":{"start":{"line":500,"column":2},"end":{"line":509,"column":null}},"line":500},"23":{"name":"(anonymous_23)","decl":{"start":{"line":514,"column":35},"end":{"line":514,"column":36}},"loc":{"start":{"line":514,"column":96},"end":{"line":533,"column":1}},"line":514},"24":{"name":"(anonymous_24)","decl":{"start":{"line":597,"column":45},"end":{"line":597,"column":46}},"loc":{"start":{"line":605,"column":37},"end":{"line":662,"column":1}},"line":605},"25":{"name":"(anonymous_25)","decl":{"start":{"line":674,"column":45},"end":{"line":674,"column":46}},"loc":{"start":{"line":679,"column":37},"end":{"line":708,"column":1}},"line":679},"26":{"name":"getContextualMessage","decl":{"start":{"line":713,"column":16},"end":{"line":713,"column":37}},"loc":{"start":{"line":713,"column":84},"end":{"line":715,"column":null}},"line":713}},"branchMap":{"0":{"loc":{"start":{"line":30,"column":55},"end":{"line":30,"column":70}},"type":"binary-expr","locations":[{"start":{"line":30,"column":55},"end":{"line":30,"column":68}},{"start":{"line":30,"column":68},"end":{"line":30,"column":70}}],"line":30},"1":{"loc":{"start":{"line":41,"column":12},"end":{"line":41,"column":null}},"type":"cond-expr","locations":[{"start":{"line":41,"column":37},"end":{"line":41,"column":50}},{"start":{"line":41,"column":50},"end":{"line":41,"column":null}}],"line":41},"2":{"loc":{"start":{"line":85,"column":12},"end":{"line":85,"column":null}},"type":"cond-expr","locations":[{"start":{"line":85,"column":37},"end":{"line":85,"column":50}},{"start":{"line":85,"column":50},"end":{"line":85,"column":null}}],"line":85},"3":{"loc":{"start":{"line":103,"column":27},"end":{"line":103,"column":56}},"type":"binary-expr","locations":[{"start":{"line":103,"column":27},"end":{"line":103,"column":53}},{"start":{"line":103,"column":53},"end":{"line":103,"column":56}}],"line":103},"4":{"loc":{"start":{"line":122,"column":17},"end":{"line":122,"column":null}},"type":"cond-expr","locations":[{"start":{"line":122,"column":32},"end":{"line":122,"column":36}},{"start":{"line":122,"column":36},"end":{"line":122,"column":null}}],"line":122},"5":{"loc":{"start":{"line":130,"column":2},"end":{"line":130,"column":null}},"type":"default-arg","locations":[{"start":{"line":130,"column":9},"end":{"line":130,"column":null}}],"line":130},"6":{"loc":{"start":{"line":131,"column":2},"end":{"line":131,"column":null}},"type":"default-arg","locations":[{"start":{"line":131,"column":12},"end":{"line":131,"column":null}}],"line":131},"7":{"loc":{"start":{"line":133,"column":2},"end":{"line":133,"column":null}},"type":"default-arg","locations":[{"start":{"line":133,"column":14},"end":{"line":133,"column":null}}],"line":133},"8":{"loc":{"start":{"line":134,"column":2},"end":{"line":134,"column":null}},"type":"default-arg","locations":[{"start":{"line":134,"column":10},"end":{"line":134,"column":null}}],"line":134},"9":{"loc":{"start":{"line":140,"column":4},"end":{"line":151,"column":null}},"type":"switch","locations":[{"start":{"line":141,"column":6},"end":{"line":142,"column":null}},{"start":{"line":143,"column":6},"end":{"line":144,"column":null}},{"start":{"line":145,"column":6},"end":{"line":146,"column":null}},{"start":{"line":147,"column":6},"end":{"line":148,"column":null}},{"start":{"line":149,"column":6},"end":{"line":150,"column":null}}],"line":140},"10":{"loc":{"start":{"line":154,"column":2},"end":{"line":161,"column":null}},"type":"if","locations":[{"start":{"line":154,"column":2},"end":{"line":161,"column":null}},{"start":{},"end":{}}],"line":154},"11":{"loc":{"start":{"line":169,"column":20},"end":{"line":169,"column":40}},"type":"default-arg","locations":[{"start":{"line":169,"column":27},"end":{"line":169,"column":40}}],"line":169},"12":{"loc":{"start":{"line":176,"column":7},"end":{"line":176,"column":null}},"type":"binary-expr","locations":[{"start":{"line":176,"column":7},"end":{"line":176,"column":15}},{"start":{"line":176,"column":15},"end":{"line":176,"column":null}}],"line":176},"13":{"loc":{"start":{"line":181,"column":18},"end":{"line":181,"column":38}},"type":"default-arg","locations":[{"start":{"line":181,"column":25},"end":{"line":181,"column":38}}],"line":181},"14":{"loc":{"start":{"line":231,"column":7},"end":{"line":231,"column":null}},"type":"binary-expr","locations":[{"start":{"line":231,"column":7},"end":{"line":231,"column":15}},{"start":{"line":231,"column":15},"end":{"line":231,"column":null}}],"line":231},"15":{"loc":{"start":{"line":236,"column":18},"end":{"line":236,"column":39}},"type":"default-arg","locations":[{"start":{"line":236,"column":25},"end":{"line":236,"column":39}}],"line":236},"16":{"loc":{"start":{"line":236,"column":39},"end":{"line":236,"column":60}},"type":"default-arg","locations":[{"start":{"line":236,"column":54},"end":{"line":236,"column":60}}],"line":236},"17":{"loc":{"start":{"line":242,"column":7},"end":{"line":258,"column":null}},"type":"cond-expr","locations":[{"start":{"line":243,"column":8},"end":{"line":253,"column":null}},{"start":{"line":255,"column":8},"end":{"line":258,"column":null}}],"line":242},"18":{"loc":{"start":{"line":264,"column":19},"end":{"line":264,"column":28}},"type":"default-arg","locations":[{"start":{"line":264,"column":26},"end":{"line":264,"column":28}}],"line":264},"19":{"loc":{"start":{"line":294,"column":21},"end":{"line":294,"column":44}},"type":"default-arg","locations":[{"start":{"line":294,"column":28},"end":{"line":294,"column":44}}],"line":294},"20":{"loc":{"start":{"line":335,"column":24},"end":{"line":335,"column":59}},"type":"default-arg","locations":[{"start":{"line":335,"column":34},"end":{"line":335,"column":59}}],"line":335},"21":{"loc":{"start":{"line":514,"column":49},"end":{"line":514,"column":69}},"type":"default-arg","locations":[{"start":{"line":514,"column":56},"end":{"line":514,"column":69}}],"line":514},"22":{"loc":{"start":{"line":517,"column":7},"end":{"line":529,"column":null}},"type":"binary-expr","locations":[{"start":{"line":517,"column":7},"end":{"line":517,"column":null}},{"start":{"line":518,"column":8},"end":{"line":529,"column":null}}],"line":517},"23":{"loc":{"start":{"line":601,"column":2},"end":{"line":601,"column":null}},"type":"default-arg","locations":[{"start":{"line":601,"column":17},"end":{"line":601,"column":null}}],"line":601},"24":{"loc":{"start":{"line":602,"column":2},"end":{"line":602,"column":null}},"type":"default-arg","locations":[{"start":{"line":602,"column":12},"end":{"line":602,"column":null}}],"line":602},"25":{"loc":{"start":{"line":603,"column":2},"end":{"line":603,"column":null}},"type":"default-arg","locations":[{"start":{"line":603,"column":9},"end":{"line":603,"column":null}}],"line":603},"26":{"loc":{"start":{"line":606,"column":18},"end":{"line":608,"column":null}},"type":"cond-expr","locations":[{"start":{"line":607,"column":6},"end":{"line":607,"column":null}},{"start":{"line":608,"column":6},"end":{"line":608,"column":null}}],"line":606},"27":{"loc":{"start":{"line":607,"column":6},"end":{"line":607,"column":null}},"type":"binary-expr","locations":[{"start":{"line":607,"column":6},"end":{"line":607,"column":46}},{"start":{"line":607,"column":46},"end":{"line":607,"column":null}}],"line":607},"28":{"loc":{"start":{"line":644,"column":7},"end":{"line":652,"column":null}},"type":"binary-expr","locations":[{"start":{"line":644,"column":7},"end":{"line":644,"column":23}},{"start":{"line":644,"column":23},"end":{"line":644,"column":null}},{"start":{"line":645,"column":8},"end":{"line":652,"column":null}}],"line":644},"29":{"loc":{"start":{"line":655,"column":7},"end":{"line":658,"column":null}},"type":"binary-expr","locations":[{"start":{"line":655,"column":7},"end":{"line":655,"column":23}},{"start":{"line":655,"column":23},"end":{"line":655,"column":null}},{"start":{"line":656,"column":8},"end":{"line":658,"column":null}}],"line":655},"30":{"loc":{"start":{"line":682,"column":7},"end":{"line":704,"column":null}},"type":"binary-expr","locations":[{"start":{"line":682,"column":7},"end":{"line":682,"column":null}},{"start":{"line":683,"column":8},"end":{"line":704,"column":null}}],"line":682},"31":{"loc":{"start":{"line":714,"column":9},"end":{"line":714,"column":null}},"type":"binary-expr","locations":[{"start":{"line":714,"column":9},"end":{"line":714,"column":49}},{"start":{"line":714,"column":49},"end":{"line":714,"column":null}}],"line":714}},"s":{"0":1,"1":1,"2":1,"3":6,"4":1,"5":2,"6":6,"7":1,"8":1,"9":1,"10":1,"11":5,"12":1,"13":0,"14":0,"15":10,"16":10,"17":10,"18":10,"19":2,"20":1,"21":1,"22":0,"23":6,"24":10,"25":1,"26":9,"27":1,"28":1,"29":1,"30":3,"31":1,"32":1,"33":1,"34":5,"35":1,"36":0,"37":0,"38":0,"39":0,"40":0,"41":1,"42":0,"43":1,"44":1,"45":0,"46":1,"47":1,"48":1,"49":0,"50":0,"51":0,"52":0,"53":1,"54":1,"55":0,"56":1,"57":0},"f":{"0":6,"1":2,"2":6,"3":1,"4":1,"5":5,"6":0,"7":10,"8":10,"9":1,"10":1,"11":3,"12":1,"13":1,"14":1,"15":5,"16":1,"17":0,"18":0,"19":0,"20":0,"21":0,"22":0,"23":0,"24":0,"25":0,"26":0},"b":{"0":[6,6],"1":[0,6],"2":[0,5],"3":[0,0],"4":[0,0],"5":[10],"6":[10],"7":[10],"8":[10],"9":[2,1,1,0,6],"10":[1,9],"11":[1],"12":[1,1],"13":[1],"14":[1,1],"15":[1],"16":[1],"17":[0,1],"18":[1],"19":[1],"20":[0],"21":[0],"22":[0,0],"23":[0],"24":[0],"25":[0],"26":[0,0],"27":[0,0],"28":[0,0,0],"29":[0,0,0],"30":[0,0],"31":[0,0]},"meta":{"lastBranch":32,"lastFunction":27,"lastStatement":58,"seen":{"s:14:20:20:Infinity":0,"s:22:21:27:Infinity":1,"s:29:23:30:Infinity":2,"f:29:23:29:24":0,"s:30:2:30:Infinity":3,"b:30:55:30:68:30:68:30:70":0,"s:33:20:57:Infinity":4,"f:33:20:33:21":1,"s:34:2:55:Infinity":5,"f:36:21:36:22":2,"s:37:8:53:Infinity":6,"b:41:37:41:50:41:50:41:Infinity":1,"s:59:21:74:Infinity":7,"f:59:21:59:22":3,"s:60:2:74:Infinity":8,"s:77:20:100:Infinity":9,"f:77:20:77:21":4,"s:78:2:98:Infinity":10,"f:80:27:80:28":5,"s:81:8:96:Infinity":11,"b:85:37:85:50:85:50:85:Infinity":2,"s:102:31:127:Infinity":12,"f:102:31:102:32":6,"s:103:18:103:Infinity":13,"b:103:27:103:53:103:53:103:56":3,"s:105:2:125:Infinity":14,"b:122:32:122:36:122:36:122:Infinity":4,"f:129:16:129:31":7,"b:130:9:130:Infinity":5,"b:131:12:131:Infinity":6,"b:133:14:133:Infinity":7,"b:134:10:134:Infinity":8,"s:136:20:136:Infinity":15,"s:137:21:137:Infinity":16,"s:139:24:152:Infinity":17,"f:139:24:139:30":8,"b:141:6:142:Infinity:143:6:144:Infinity:145:6:146:Infinity:147:6:148:Infinity:149:6:150:Infinity":9,"s:140:4:151:Infinity":18,"s:142:8:142:Infinity":19,"s:144:8:144:Infinity":20,"s:146:8:146:Infinity":21,"s:148:8:148:Infinity":22,"s:150:8:150:Infinity":23,"b:154:2:161:Infinity:undefined:undefined:undefined:undefined":10,"s:154:2:161:Infinity":24,"s:155:4:159:Infinity":25,"s:163:2:163:Infinity":26,"s:167:29:491:Infinity":27,"f:169:17:169:18":9,"s:170:4:177:Infinity":28,"b:169:27:169:40":11,"b:176:7:176:15:176:15:176:Infinity":12,"f:181:15:181:16":10,"s:182:4:220:Infinity":29,"b:181:25:181:38":13,"f:194:23:194:24":11,"s:195:10:207:Infinity":30,"f:224:17:224:18":12,"s:225:4:232:Infinity":31,"b:231:7:231:15:231:15:231:Infinity":14,"f:236:15:236:16":13,"s:237:4:260:Infinity":32,"b:236:25:236:39":15,"b:236:54:236:60":16,"b:243:8:253:Infinity:255:8:258:Infinity":17,"f:264:16:264:17":14,"s:265:4:290:Infinity":33,"b:264:26:264:28":18,"f:266:40:266:41":15,"s:267:8:288:Infinity":34,"f:294:18:294:19":16,"s:295:4:331:Infinity":35,"b:294:28:294:44":19,"f:335:21:335:22":17,"s:336:4:400:Infinity":36,"b:335:34:335:59":20,"f:380:25:380:26":18,"s:381:12:393:Infinity":37,"f:404:20:404:Infinity":19,"s:405:4:489:Infinity":38,"f:423:39:423:40":20,"s:424:10:447:Infinity":39,"f:471:43:471:44":21,"s:472:14:484:Infinity":40,"s:499:6:510:Infinity":41,"f:499:30:499:Infinity":22,"s:500:2:509:Infinity":42,"s:512:0:512:Infinity":43,"s:514:13:533:Infinity":44,"f:514:35:514:36":23,"b:514:56:514:69":21,"s:515:2:531:Infinity":45,"b:517:7:517:Infinity:518:8:529:Infinity":22,"s:535:0:535:Infinity":46,"s:538:68:582:Infinity":47,"s:597:13:662:Infinity":48,"f:597:45:597:46":24,"b:601:17:601:Infinity":23,"b:602:12:602:Infinity":24,"b:603:9:603:Infinity":25,"s:606:18:608:Infinity":49,"b:607:6:607:Infinity:608:6:608:Infinity":26,"b:607:6:607:46:607:46:607:Infinity":27,"s:610:22:614:Infinity":50,"s:616:28:620:Infinity":51,"s:622:2:660:Infinity":52,"b:644:7:644:23:644:23:644:Infinity:645:8:652:Infinity":28,"b:655:7:655:23:655:23:655:Infinity:656:8:658:Infinity":29,"s:664:0:664:Infinity":53,"s:674:13:708:Infinity":54,"f:674:45:674:46":25,"s:680:2:706:Infinity":55,"b:682:7:682:Infinity:683:8:704:Infinity":30,"s:710:0:710:Infinity":56,"f:713:16:713:37":26,"s:714:2:714:Infinity":57,"b:714:9:714:49:714:49:714:Infinity":31}}}
,"/Users/riyadmehdiyev/churnvision_web_1_0/frontend/src/components/common/PageHeader.tsx": {"path":"/Users/riyadmehdiyev/churnvision_web_1_0/frontend/src/components/common/PageHeader.tsx","statementMap":{"0":{"start":{"line":19,"column":20},"end":{"line":24,"column":null}},"1":{"start":{"line":20,"column":8},"end":{"line":20,"column":null}},"2":{"start":{"line":21,"column":2},"end":{"line":21,"column":null}},"3":{"start":{"line":21,"column":17},"end":{"line":21,"column":null}},"4":{"start":{"line":22,"column":2},"end":{"line":22,"column":null}},"5":{"start":{"line":22,"column":17},"end":{"line":22,"column":null}},"6":{"start":{"line":23,"column":2},"end":{"line":23,"column":null}},"7":{"start":{"line":26,"column":22},"end":{"line":62,"column":null}},"8":{"start":{"line":64,"column":13},"end":{"line":181,"column":null}},"9":{"start":{"line":72,"column":2},"end":{"line":179,"column":null}},"10":{"start":{"line":122,"column":38},"end":{"line":122,"column":null}},"11":{"start":{"line":123,"column":22},"end":{"line":146,"column":null}},"12":{"start":{"line":183,"column":0},"end":{"line":183,"column":null}}},"fnMap":{"0":{"name":"(anonymous_0)","decl":{"start":{"line":19,"column":20},"end":{"line":19,"column":34}},"loc":{"start":{"line":19,"column":34},"end":{"line":24,"column":null}},"line":19},"1":{"name":"(anonymous_1)","decl":{"start":{"line":64,"column":31},"end":{"line":64,"column":32}},"loc":{"start":{"line":71,"column":23},"end":{"line":181,"column":1}},"line":71},"2":{"name":"(anonymous_2)","decl":{"start":{"line":121,"column":32},"end":{"line":121,"column":33}},"loc":{"start":{"line":121,"column":48},"end":{"line":148,"column":21}},"line":121}},"branchMap":{"0":{"loc":{"start":{"line":21,"column":2},"end":{"line":21,"column":null}},"type":"if","locations":[{"start":{"line":21,"column":2},"end":{"line":21,"column":null}},{"start":{},"end":{}}],"line":21},"1":{"loc":{"start":{"line":22,"column":2},"end":{"line":22,"column":null}},"type":"if","locations":[{"start":{"line":22,"column":2},"end":{"line":22,"column":null}},{"start":{},"end":{}}],"line":22},"2":{"loc":{"start":{"line":69,"column":2},"end":{"line":69,"column":null}},"type":"default-arg","locations":[{"start":{"line":69,"column":11},"end":{"line":69,"column":null}}],"line":69},"3":{"loc":{"start":{"line":85,"column":13},"end":{"line":92,"column":null}},"type":"binary-expr","locations":[{"start":{"line":85,"column":13},"end":{"line":85,"column":null}},{"start":{"line":86,"column":14},"end":{"line":92,"column":null}}],"line":85},"4":{"loc":{"start":{"line":98,"column":15},"end":{"line":106,"column":null}},"type":"binary-expr","locations":[{"start":{"line":98,"column":15},"end":{"line":98,"column":null}},{"start":{"line":99,"column":16},"end":{"line":106,"column":null}}],"line":98},"5":{"loc":{"start":{"line":119,"column":17},"end":{"line":149,"column":null}},"type":"binary-expr","locations":[{"start":{"line":119,"column":17},"end":{"line":119,"column":null}},{"start":{"line":120,"column":18},"end":{"line":149,"column":null}}],"line":119},"6":{"loc":{"start":{"line":134,"column":29},"end":{"line":138,"column":null}},"type":"binary-expr","locations":[{"start":{"line":134,"column":29},"end":{"line":134,"column":null}},{"start":{"line":135,"column":30},"end":{"line":138,"column":null}}],"line":134},"7":{"loc":{"start":{"line":140,"column":29},"end":{"line":141,"column":null}},"type":"binary-expr","locations":[{"start":{"line":140,"column":29},"end":{"line":140,"column":null}},{"start":{"line":141,"column":30},"end":{"line":141,"column":null}}],"line":140},"8":{"loc":{"start":{"line":154,"column":15},"end":{"line":162,"column":null}},"type":"binary-expr","locations":[{"start":{"line":154,"column":15},"end":{"line":154,"column":null}},{"start":{"line":155,"column":16},"end":{"line":162,"column":null}}],"line":154},"9":{"loc":{"start":{"line":168,"column":11},"end":{"line":175,"column":null}},"type":"binary-expr","locations":[{"start":{"line":168,"column":11},"end":{"line":168,"column":null}},{"start":{"line":169,"column":12},"end":{"line":175,"column":null}}],"line":168}},"s":{"0":1,"1":5,"2":5,"3":3,"4":2,"5":2,"6":1,"7":1,"8":1,"9":19,"10":10,"11":10,"12":1},"f":{"0":5,"1":19,"2":10},"b":{"0":[3,2],"1":[1,1],"2":[19],"3":[19,2],"4":[19,5],"5":[19,4],"6":[10,2],"7":[10,8],"8":[19,2],"9":[19,3]},"meta":{"lastBranch":10,"lastFunction":3,"lastStatement":13,"seen":{"s:19:20:24:Infinity":0,"f:19:20:19:34":0,"s:20:8:20:Infinity":1,"b:21:2:21:Infinity:undefined:undefined:undefined:undefined":0,"s:21:2:21:Infinity":2,"s:21:17:21:Infinity":3,"b:22:2:22:Infinity:undefined:undefined:undefined:undefined":1,"s:22:2:22:Infinity":4,"s:22:17:22:Infinity":5,"s:23:2:23:Infinity":6,"s:26:22:62:Infinity":7,"s:64:13:181:Infinity":8,"f:64:31:64:32":1,"b:69:11:69:Infinity":2,"s:72:2:179:Infinity":9,"b:85:13:85:Infinity:86:14:92:Infinity":3,"b:98:15:98:Infinity:99:16:106:Infinity":4,"b:119:17:119:Infinity:120:18:149:Infinity":5,"f:121:32:121:33":2,"s:122:38:122:Infinity":10,"s:123:22:146:Infinity":11,"b:134:29:134:Infinity:135:30:138:Infinity":6,"b:140:29:140:Infinity:141:30:141:Infinity":7,"b:154:15:154:Infinity:155:16:162:Infinity":8,"b:168:11:168:Infinity:169:12:175:Infinity":9,"s:183:0:183:Infinity":12}}}
,"/Users/riyadmehdiyev/churnvision_web_1_0/frontend/src/components/common/SkipToContent.tsx": {"path":"/Users/riyadmehdiyev/churnvision_web_1_0/frontend/src/components/common/SkipToContent.tsx","statementMap":{"0":{"start":{"line":4,"column":2},"end":{"line":10,"column":null}}},"fnMap":{"0":{"name":"SkipToContent","decl":{"start":{"line":3,"column":16},"end":{"line":3,"column":52}},"loc":{"start":{"line":3,"column":52},"end":{"line":12,"column":null}},"line":3}},"branchMap":{},"s":{"0":2},"f":{"0":2},"b":{},"meta":{"lastBranch":0,"lastFunction":1,"lastStatement":1,"seen":{"f:3:16:3:52":0,"s:4:2:10:Infinity":0}}}
,"/Users/riyadmehdiyev/churnvision_web_1_0/frontend/src/components/data/DataUploadNotification.tsx": {"path":"/Users/riyadmehdiyev/churnvision_web_1_0/frontend/src/components/data/DataUploadNotification.tsx","statementMap":{"0":{"start":{"line":11,"column":77},"end":{"line":51,"column":null}},"1":{"start":{"line":16,"column":2},"end":{"line":25,"column":null}},"2":{"start":{"line":17,"column":4},"end":{"line":24,"column":null}},"3":{"start":{"line":19,"column":20},"end":{"line":21,"column":null}},"4":{"start":{"line":20,"column":8},"end":{"line":20,"column":null}},"5":{"start":{"line":23,"column":6},"end":{"line":23,"column":null}},"6":{"start":{"line":23,"column":19},"end":{"line":23,"column":null}},"7":{"start":{"line":27,"column":2},"end":{"line":49,"column":null}}},"fnMap":{"0":{"name":"(anonymous_0)","decl":{"start":{"line":11,"column":77},"end":{"line":11,"column":78}},"loc":{"start":{"line":15,"column":6},"end":{"line":51,"column":null}},"line":15},"1":{"name":"(anonymous_1)","decl":{"start":{"line":16,"column":12},"end":{"line":16,"column":18}},"loc":{"start":{"line":16,"column":18},"end":{"line":25,"column":5}},"line":16},"2":{"name":"(anonymous_2)","decl":{"start":{"line":19,"column":31},"end":{"line":19,"column":37}},"loc":{"start":{"line":19,"column":37},"end":{"line":21,"column":9}},"line":19},"3":{"name":"(anonymous_3)","decl":{"start":{"line":23,"column":13},"end":{"line":23,"column":19}},"loc":{"start":{"line":23,"column":19},"end":{"line":23,"column":null}},"line":23}},"branchMap":{"0":{"loc":{"start":{"line":17,"column":4},"end":{"line":24,"column":null}},"type":"if","locations":[{"start":{"line":17,"column":4},"end":{"line":24,"column":null}},{"start":{},"end":{}}],"line":17},"1":{"loc":{"start":{"line":29,"column":7},"end":{"line":47,"column":null}},"type":"binary-expr","locations":[{"start":{"line":29,"column":7},"end":{"line":29,"column":null}},{"start":{"line":30,"column":8},"end":{"line":47,"column":null}}],"line":29}},"s":{"0":1,"1":5,"2":5,"3":4,"4":1,"5":4,"6":4,"7":5},"f":{"0":5,"1":5,"2":1,"3":4},"b":{"0":[4,1],"1":[5,4]},"meta":{"lastBranch":2,"lastFunction":4,"lastStatement":8,"seen":{"s:11:77:51:Infinity":0,"f:11:77:11:78":0,"s:16:2:25:Infinity":1,"f:16:12:16:18":1,"b:17:4:24:Infinity:undefined:undefined:undefined:undefined":0,"s:17:4:24:Infinity":2,"s:19:20:21:Infinity":3,"f:19:31:19:37":2,"s:20:8:20:Infinity":4,"s:23:6:23:Infinity":5,"f:23:13:23:19":3,"s:23:19:23:Infinity":6,"s:27:2:49:Infinity":7,"b:29:7:29:Infinity:30:8:47:Infinity":1}}}
,"/Users/riyadmehdiyev/churnvision_web_1_0/frontend/src/components/model/ModelDownloadPrompt.tsx": {"path":"/Users/riyadmehdiyev/churnvision_web_1_0/frontend/src/components/model/ModelDownloadPrompt.tsx","statementMap":{"0":{"start":{"line":13,"column":45},"end":{"line":189,"column":null}},"1":{"start":{"line":14,"column":40},"end":{"line":14,"column":null}},"2":{"start":{"line":15,"column":46},"end":{"line":15,"column":null}},"3":{"start":{"line":16,"column":36},"end":{"line":16,"column":null}},"4":{"start":{"line":17,"column":38},"end":{"line":17,"column":null}},"5":{"start":{"line":18,"column":24},"end":{"line":18,"column":null}},"6":{"start":{"line":19,"column":36},"end":{"line":19,"column":null}},"7":{"start":{"line":20,"column":42},"end":{"line":20,"column":null}},"8":{"start":{"line":22,"column":18},"end":{"line":22,"column":null}},"9":{"start":{"line":25,"column":2},"end":{"line":75,"column":null}},"10":{"start":{"line":26,"column":4},"end":{"line":30,"column":null}},"11":{"start":{"line":27,"column":6},"end":{"line":27,"column":null}},"12":{"start":{"line":28,"column":6},"end":{"line":28,"column":null}},"13":{"start":{"line":29,"column":6},"end":{"line":29,"column":null}},"14":{"start":{"line":32,"column":27},"end":{"line":41,"column":null}},"15":{"start":{"line":33,"column":6},"end":{"line":33,"column":null}},"16":{"start":{"line":34,"column":22},"end":{"line":34,"column":null}},"17":{"start":{"line":35,"column":24},"end":{"line":35,"column":null}},"18":{"start":{"line":36,"column":6},"end":{"line":36,"column":null}},"19":{"start":{"line":37,"column":6},"end":{"line":37,"column":null}},"20":{"start":{"line":38,"column":6},"end":{"line":38,"column":null}},"21":{"start":{"line":43,"column":35},"end":{"line":64,"column":null}},"22":{"start":{"line":44,"column":6},"end":{"line":44,"column":null}},"23":{"start":{"line":45,"column":6},"end":{"line":45,"column":null}},"24":{"start":{"line":46,"column":6},"end":{"line":46,"column":null}},"25":{"start":{"line":47,"column":6},"end":{"line":47,"column":null}},"26":{"start":{"line":48,"column":6},"end":{"line":48,"column":null}},"27":{"start":{"line":51,"column":6},"end":{"line":63,"column":null}},"28":{"start":{"line":52,"column":8},"end":{"line":52,"column":null}},"29":{"start":{"line":53,"column":8},"end":{"line":62,"column":null}},"30":{"start":{"line":55,"column":12},"end":{"line":55,"column":null}},"31":{"start":{"line":56,"column":12},"end":{"line":56,"column":null}},"32":{"start":{"line":59,"column":12},"end":{"line":59,"column":null}},"33":{"start":{"line":60,"column":12},"end":{"line":60,"column":null}},"34":{"start":{"line":61,"column":12},"end":{"line":61,"column":null}},"35":{"start":{"line":66,"column":4},"end":{"line":66,"column":null}},"36":{"start":{"line":67,"column":32},"end":{"line":67,"column":null}},"37":{"start":{"line":68,"column":32},"end":{"line":68,"column":null}},"38":{"start":{"line":70,"column":4},"end":{"line":74,"column":null}},"39":{"start":{"line":71,"column":6},"end":{"line":71,"column":null}},"40":{"start":{"line":72,"column":6},"end":{"line":72,"column":null}},"41":{"start":{"line":73,"column":6},"end":{"line":73,"column":null}},"42":{"start":{"line":77,"column":8},"end":{"line":98,"column":null}},"43":{"start":{"line":78,"column":4},"end":{"line":81,"column":null}},"44":{"start":{"line":79,"column":6},"end":{"line":79,"column":null}},"45":{"start":{"line":80,"column":6},"end":{"line":80,"column":null}},"46":{"start":{"line":82,"column":4},"end":{"line":82,"column":null}},"47":{"start":{"line":83,"column":4},"end":{"line":83,"column":null}},"48":{"start":{"line":84,"column":4},"end":{"line":84,"column":null}},"49":{"start":{"line":85,"column":4},"end":{"line":85,"column":null}},"50":{"start":{"line":86,"column":4},"end":{"line":86,"column":null}},"51":{"start":{"line":87,"column":4},"end":{"line":87,"column":null}},"52":{"start":{"line":89,"column":4},"end":{"line":97,"column":null}},"53":{"start":{"line":90,"column":6},"end":{"line":90,"column":null}},"54":{"start":{"line":91,"column":6},"end":{"line":91,"column":null}},"55":{"start":{"line":94,"column":6},"end":{"line":94,"column":null}},"56":{"start":{"line":95,"column":6},"end":{"line":95,"column":null}},"57":{"start":{"line":96,"column":6},"end":{"line":96,"column":null}},"58":{"start":{"line":100,"column":8},"end":{"line":119,"column":null}},"59":{"start":{"line":101,"column":4},"end":{"line":104,"column":null}},"60":{"start":{"line":102,"column":6},"end":{"line":102,"column":null}},"61":{"start":{"line":103,"column":6},"end":{"line":103,"column":null}},"62":{"start":{"line":106,"column":4},"end":{"line":106,"column":null}},"63":{"start":{"line":107,"column":4},"end":{"line":107,"column":null}},"64":{"start":{"line":109,"column":4},"end":{"line":118,"column":null}},"65":{"start":{"line":110,"column":6},"end":{"line":110,"column":null}},"66":{"start":{"line":111,"column":6},"end":{"line":111,"column":null}},"67":{"start":{"line":112,"column":6},"end":{"line":112,"column":null}},"68":{"start":{"line":113,"column":6},"end":{"line":113,"column":null}},"69":{"start":{"line":115,"column":6},"end":{"line":115,"column":null}},"70":{"start":{"line":116,"column":6},"end":{"line":116,"column":null}},"71":{"start":{"line":117,"column":6},"end":{"line":117,"column":null}},"72":{"start":{"line":121,"column":2},"end":{"line":187,"column":null}}},"fnMap":{"0":{"name":"(anonymous_0)","decl":{"start":{"line":13,"column":45},"end":{"line":13,"column":51}},"loc":{"start":{"line":13,"column":51},"end":{"line":189,"column":null}},"line":13},"1":{"name":"(anonymous_1)","decl":{"start":{"line":25,"column":12},"end":{"line":25,"column":18}},"loc":{"start":{"line":25,"column":18},"end":{"line":75,"column":5}},"line":25},"2":{"name":"(anonymous_2)","decl":{"start":{"line":32,"column":27},"end":{"line":32,"column":28}},"loc":{"start":{"line":32,"column":59},"end":{"line":41,"column":null}},"line":32},"3":{"name":"(anonymous_3)","decl":{"start":{"line":43,"column":35},"end":{"line":43,"column":41}},"loc":{"start":{"line":43,"column":41},"end":{"line":64,"column":null}},"line":43},"4":{"name":"(anonymous_4)","decl":{"start":{"line":51,"column":17},"end":{"line":51,"column":23}},"loc":{"start":{"line":51,"column":23},"end":{"line":63,"column":9}},"line":51},"5":{"name":"(anonymous_5)","decl":{"start":{"line":54,"column":16},"end":{"line":54,"column":22}},"loc":{"start":{"line":54,"column":22},"end":{"line":57,"column":11}},"line":54},"6":{"name":"(anonymous_6)","decl":{"start":{"line":58,"column":17},"end":{"line":58,"column":18}},"loc":{"start":{"line":58,"column":38},"end":{"line":62,"column":11}},"line":58},"7":{"name":"(anonymous_7)","decl":{"start":{"line":70,"column":11},"end":{"line":70,"column":17}},"loc":{"start":{"line":70,"column":17},"end":{"line":74,"column":null}},"line":70},"8":{"name":"(anonymous_8)","decl":{"start":{"line":77,"column":42},"end":{"line":77,"column":54}},"loc":{"start":{"line":77,"column":54},"end":{"line":98,"column":5}},"line":77},"9":{"name":"(anonymous_9)","decl":{"start":{"line":100,"column":48},"end":{"line":100,"column":60}},"loc":{"start":{"line":100,"column":60},"end":{"line":119,"column":5}},"line":100}},"branchMap":{"0":{"loc":{"start":{"line":26,"column":4},"end":{"line":30,"column":null}},"type":"if","locations":[{"start":{"line":26,"column":4},"end":{"line":30,"column":null}},{"start":{},"end":{}}],"line":26},"1":{"loc":{"start":{"line":78,"column":4},"end":{"line":81,"column":null}},"type":"if","locations":[{"start":{"line":78,"column":4},"end":{"line":81,"column":null}},{"start":{},"end":{}}],"line":78},"2":{"loc":{"start":{"line":95,"column":15},"end":{"line":95,"column":70}},"type":"binary-expr","locations":[{"start":{"line":95,"column":15},"end":{"line":95,"column":40}},{"start":{"line":95,"column":40},"end":{"line":95,"column":70}}],"line":95},"3":{"loc":{"start":{"line":101,"column":4},"end":{"line":104,"column":null}},"type":"if","locations":[{"start":{"line":101,"column":4},"end":{"line":104,"column":null}},{"start":{},"end":{}}],"line":101},"4":{"loc":{"start":{"line":132,"column":11},"end":{"line":137,"column":null}},"type":"binary-expr","locations":[{"start":{"line":132,"column":11},"end":{"line":132,"column":null}},{"start":{"line":133,"column":12},"end":{"line":137,"column":null}}],"line":132},"5":{"loc":{"start":{"line":140,"column":11},"end":{"line":147,"column":null}},"type":"binary-expr","locations":[{"start":{"line":140,"column":11},"end":{"line":140,"column":26}},{"start":{"line":140,"column":26},"end":{"line":140,"column":null}},{"start":{"line":141,"column":13},"end":{"line":147,"column":null}}],"line":140},"6":{"loc":{"start":{"line":145,"column":18},"end":{"line":145,"column":null}},"type":"cond-expr","locations":[{"start":{"line":145,"column":35},"end":{"line":145,"column":66}},{"start":{"line":145,"column":66},"end":{"line":145,"column":null}}],"line":145},"7":{"loc":{"start":{"line":150,"column":11},"end":{"line":157,"column":null}},"type":"binary-expr","locations":[{"start":{"line":150,"column":11},"end":{"line":150,"column":29}},{"start":{"line":150,"column":29},"end":{"line":150,"column":null}},{"start":{"line":151,"column":12},"end":{"line":157,"column":null}}],"line":150},"8":{"loc":{"start":{"line":160,"column":11},"end":{"line":167,"column":null}},"type":"binary-expr","locations":[{"start":{"line":160,"column":11},"end":{"line":160,"column":26}},{"start":{"line":160,"column":26},"end":{"line":160,"column":35}},{"start":{"line":160,"column":35},"end":{"line":160,"column":null}},{"start":{"line":161,"column":12},"end":{"line":167,"column":null}}],"line":160},"9":{"loc":{"start":{"line":167,"column":12},"end":{"line":183,"column":null}},"type":"binary-expr","locations":[{"start":{"line":170,"column":12},"end":{"line":170,"column":29}},{"start":{"line":170,"column":29},"end":{"line":170,"column":null}},{"start":{"line":171,"column":12},"end":{"line":183,"column":null}}],"line":167},"10":{"loc":{"start":{"line":172,"column":32},"end":{"line":172,"column":73}},"type":"cond-expr","locations":[{"start":{"line":172,"column":49},"end":{"line":172,"column":55}},{"start":{"line":172,"column":55},"end":{"line":172,"column":73}}],"line":172},"11":{"loc":{"start":{"line":174,"column":18},"end":{"line":180,"column":null}},"type":"cond-expr","locations":[{"start":{"line":175,"column":19},"end":{"line":175,"column":null}},{"start":{"line":177,"column":19},"end":{"line":180,"column":null}}],"line":174},"12":{"loc":{"start":{"line":179,"column":22},"end":{"line":179,"column":null}},"type":"binary-expr","locations":[{"start":{"line":179,"column":22},"end":{"line":179,"column":41}},{"start":{"line":179,"column":41},"end":{"line":179,"column":null}}],"line":179}},"s":{"0":1,"1":19,"2":19,"3":19,"4":19,"5":19,"6":19,"7":19,"8":19,"9":19,"10":6,"11":0,"12":0,"13":0,"14":6,"15":1,"16":1,"17":1,"18":1,"19":1,"20":1,"21":6,"22":2,"23":2,"24":2,"25":2,"26":2,"27":2,"28":1,"29":1,"30":0,"31":0,"32":1,"33":1,"34":1,"35":6,"36":6,"37":6,"38":6,"39":6,"40":6,"41":6,"42":19,"43":5,"44":0,"45":0,"46":5,"47":5,"48":5,"49":5,"50":5,"51":5,"52":5,"53":5,"54":5,"55":1,"56":1,"57":1,"58":19,"59":1,"60":0,"61":0,"62":1,"63":1,"64":1,"65":1,"66":1,"67":0,"68":0,"69":1,"70":1,"71":1,"72":19},"f":{"0":19,"1":6,"2":1,"3":2,"4":1,"5":0,"6":1,"7":6,"8":5,"9":1},"b":{"0":[0,6],"1":[0,5],"2":[1,0],"3":[0,1],"4":[19,3],"5":[19,5,3],"6":[3,0],"7":[19,12,7],"8":[19,5,2,2],"9":[19,12,9],"10":[3,6],"11":[3,6],"12":[6,1]},"meta":{"lastBranch":13,"lastFunction":10,"lastStatement":73,"seen":{"s:13:45:189:Infinity":0,"f:13:45:13:51":0,"s:14:40:14:Infinity":1,"s:15:46:15:Infinity":2,"s:16:36:16:Infinity":3,"s:17:38:17:Infinity":4,"s:18:24:18:Infinity":5,"s:19:36:19:Infinity":6,"s:20:42:20:Infinity":7,"s:22:18:22:Infinity":8,"s:25:2:75:Infinity":9,"f:25:12:25:18":1,"b:26:4:30:Infinity:undefined:undefined:undefined:undefined":0,"s:26:4:30:Infinity":10,"s:27:6:27:Infinity":11,"s:28:6:28:Infinity":12,"s:29:6:29:Infinity":13,"s:32:27:41:Infinity":14,"f:32:27:32:28":2,"s:33:6:33:Infinity":15,"s:34:22:34:Infinity":16,"s:35:24:35:Infinity":17,"s:36:6:36:Infinity":18,"s:37:6:37:Infinity":19,"s:38:6:38:Infinity":20,"s:43:35:64:Infinity":21,"f:43:35:43:41":3,"s:44:6:44:Infinity":22,"s:45:6:45:Infinity":23,"s:46:6:46:Infinity":24,"s:47:6:47:Infinity":25,"s:48:6:48:Infinity":26,"s:51:6:63:Infinity":27,"f:51:17:51:23":4,"s:52:8:52:Infinity":28,"s:53:8:62:Infinity":29,"f:54:16:54:22":5,"s:55:12:55:Infinity":30,"s:56:12:56:Infinity":31,"f:58:17:58:18":6,"s:59:12:59:Infinity":32,"s:60:12:60:Infinity":33,"s:61:12:61:Infinity":34,"s:66:4:66:Infinity":35,"s:67:32:67:Infinity":36,"s:68:32:68:Infinity":37,"s:70:4:74:Infinity":38,"f:70:11:70:17":7,"s:71:6:71:Infinity":39,"s:72:6:72:Infinity":40,"s:73:6:73:Infinity":41,"s:77:8:98:Infinity":42,"f:77:42:77:54":8,"b:78:4:81:Infinity:undefined:undefined:undefined:undefined":1,"s:78:4:81:Infinity":43,"s:79:6:79:Infinity":44,"s:80:6:80:Infinity":45,"s:82:4:82:Infinity":46,"s:83:4:83:Infinity":47,"s:84:4:84:Infinity":48,"s:85:4:85:Infinity":49,"s:86:4:86:Infinity":50,"s:87:4:87:Infinity":51,"s:89:4:97:Infinity":52,"s:90:6:90:Infinity":53,"s:91:6:91:Infinity":54,"s:94:6:94:Infinity":55,"s:95:6:95:Infinity":56,"b:95:15:95:40:95:40:95:70":2,"s:96:6:96:Infinity":57,"s:100:8:119:Infinity":58,"f:100:48:100:60":9,"b:101:4:104:Infinity:undefined:undefined:undefined:undefined":3,"s:101:4:104:Infinity":59,"s:102:6:102:Infinity":60,"s:103:6:103:Infinity":61,"s:106:4:106:Infinity":62,"s:107:4:107:Infinity":63,"s:109:4:118:Infinity":64,"s:110:6:110:Infinity":65,"s:111:6:111:Infinity":66,"s:112:6:112:Infinity":67,"s:113:6:113:Infinity":68,"s:115:6:115:Infinity":69,"s:116:6:116:Infinity":70,"s:117:6:117:Infinity":71,"s:121:2:187:Infinity":72,"b:132:11:132:Infinity:133:12:137:Infinity":4,"b:140:11:140:26:140:26:140:Infinity:141:13:147:Infinity":5,"b:145:35:145:66:145:66:145:Infinity":6,"b:150:11:150:29:150:29:150:Infinity:151:12:157:Infinity":7,"b:160:11:160:26:160:26:160:35:160:35:160:Infinity:161:12:167:Infinity":8,"b:170:12:170:29:170:29:170:Infinity:171:12:183:Infinity":9,"b:172:49:172:55:172:55:172:73":10,"b:175:19:175:Infinity:177:19:180:Infinity":11,"b:179:22:179:41:179:41:179:Infinity":12}}}
,"/Users/riyadmehdiyev/churnvision_web_1_0/frontend/src/components/notifications/TrainingReminderBanner.tsx": {"path":"/Users/riyadmehdiyev/churnvision_web_1_0/frontend/src/components/notifications/TrainingReminderBanner.tsx","statementMap":{"0":{"start":{"line":8,"column":24},"end":{"line":8,"column":null}},"1":{"start":{"line":9,"column":8},"end":{"line":9,"column":null}},"2":{"start":{"line":9,"column":53},"end":{"line":9,"column":73}},"3":{"start":{"line":10,"column":8},"end":{"line":10,"column":null}},"4":{"start":{"line":12,"column":29},"end":{"line":15,"column":null}},"5":{"start":{"line":17,"column":2},"end":{"line":17,"column":null}},"6":{"start":{"line":17,"column":27},"end":{"line":17,"column":null}},"7":{"start":{"line":19,"column":18},"end":{"line":19,"column":null}},"8":{"start":{"line":20,"column":24},"end":{"line":22,"column":null}},"9":{"start":{"line":24,"column":2},"end":{"line":40,"column":null}},"10":{"start":{"line":35,"column":23},"end":{"line":35,"column":null}}},"fnMap":{"0":{"name":"TrainingReminderBanner","decl":{"start":{"line":7,"column":16},"end":{"line":7,"column":68}},"loc":{"start":{"line":7,"column":68},"end":{"line":42,"column":null}},"line":7},"1":{"name":"(anonymous_1)","decl":{"start":{"line":9,"column":44},"end":{"line":9,"column":53}},"loc":{"start":{"line":9,"column":53},"end":{"line":9,"column":73}},"line":9},"2":{"name":"(anonymous_2)","decl":{"start":{"line":35,"column":17},"end":{"line":35,"column":23}},"loc":{"start":{"line":35,"column":23},"end":{"line":35,"column":null}},"line":35}},"branchMap":{"0":{"loc":{"start":{"line":13,"column":4},"end":{"line":14,"column":null}},"type":"binary-expr","locations":[{"start":{"line":13,"column":4},"end":{"line":13,"column":null}},{"start":{"line":14,"column":7},"end":{"line":14,"column":26}},{"start":{"line":14,"column":26},"end":{"line":14,"column":62}},{"start":{"line":14,"column":62},"end":{"line":14,"column":null}}],"line":13},"1":{"loc":{"start":{"line":17,"column":2},"end":{"line":17,"column":null}},"type":"if","locations":[{"start":{"line":17,"column":2},"end":{"line":17,"column":null}},{"start":{},"end":{}}],"line":17},"2":{"loc":{"start":{"line":20,"column":24},"end":{"line":22,"column":null}},"type":"cond-expr","locations":[{"start":{"line":21,"column":6},"end":{"line":21,"column":null}},{"start":{"line":22,"column":6},"end":{"line":22,"column":null}}],"line":20},"3":{"loc":{"start":{"line":21,"column":6},"end":{"line":21,"column":null}},"type":"binary-expr","locations":[{"start":{"line":21,"column":6},"end":{"line":21,"column":30}},{"start":{"line":21,"column":30},"end":{"line":21,"column":56}},{"start":{"line":21,"column":56},"end":{"line":21,"column":null}}],"line":21},"4":{"loc":{"start":{"line":38,"column":9},"end":{"line":38,"column":null}},"type":"cond-expr","locations":[{"start":{"line":38,"column":19},"end":{"line":38,"column":38}},{"start":{"line":38,"column":38},"end":{"line":38,"column":null}}],"line":38}},"s":{"0":4,"1":4,"2":4,"3":4,"4":4,"5":4,"6":1,"7":3,"8":4,"9":4,"10":1},"f":{"0":4,"1":4,"2":1},"b":{"0":[4,4,4,2],"1":[1,3],"2":[1,2],"3":[1,0,0],"4":[1,2]},"meta":{"lastBranch":5,"lastFunction":3,"lastStatement":11,"seen":{"f:7:16:7:68":0,"s:8:24:8:Infinity":0,"s:9:8:9:Infinity":1,"f:9:44:9:53":1,"s:9:53:9:73":2,"s:10:8:10:Infinity":3,"s:12:29:15:Infinity":4,"b:13:4:13:Infinity:14:7:14:26:14:26:14:62:14:62:14:Infinity":0,"b:17:2:17:Infinity:undefined:undefined:undefined:undefined":1,"s:17:2:17:Infinity":5,"s:17:27:17:Infinity":6,"s:19:18:19:Infinity":7,"s:20:24:22:Infinity":8,"b:21:6:21:Infinity:22:6:22:Infinity":2,"b:21:6:21:30:21:30:21:56:21:56:21:Infinity":3,"s:24:2:40:Infinity":9,"f:35:17:35:23":2,"s:35:23:35:Infinity":10,"b:38:19:38:38:38:38:38:Infinity":4}}}
,"/Users/riyadmehdiyev/churnvision_web_1_0/frontend/src/components/risk/ConfidenceIndicator.tsx": {"path":"/Users/riyadmehdiyev/churnvision_web_1_0/frontend/src/components/risk/ConfidenceIndicator.tsx","statementMap":{"0":{"start":{"line":8,"column":71},"end":{"line":35,"column":null}},"1":{"start":{"line":13,"column":19},"end":{"line":18,"column":null}},"2":{"start":{"line":14,"column":4},"end":{"line":14,"column":null}},"3":{"start":{"line":14,"column":31},"end":{"line":14,"column":null}},"4":{"start":{"line":15,"column":4},"end":{"line":15,"column":null}},"5":{"start":{"line":15,"column":31},"end":{"line":15,"column":null}},"6":{"start":{"line":16,"column":4},"end":{"line":16,"column":null}},"7":{"start":{"line":16,"column":31},"end":{"line":16,"column":null}},"8":{"start":{"line":17,"column":4},"end":{"line":17,"column":null}},"9":{"start":{"line":20,"column":2},"end":{"line":33,"column":null}}},"fnMap":{"0":{"name":"(anonymous_0)","decl":{"start":{"line":8,"column":71},"end":{"line":8,"column":72}},"loc":{"start":{"line":11,"column":6},"end":{"line":35,"column":null}},"line":11},"1":{"name":"(anonymous_1)","decl":{"start":{"line":13,"column":19},"end":{"line":13,"column":25}},"loc":{"start":{"line":13,"column":25},"end":{"line":18,"column":null}},"line":13}},"branchMap":{"0":{"loc":{"start":{"line":14,"column":4},"end":{"line":14,"column":null}},"type":"if","locations":[{"start":{"line":14,"column":4},"end":{"line":14,"column":null}},{"start":{},"end":{}}],"line":14},"1":{"loc":{"start":{"line":15,"column":4},"end":{"line":15,"column":null}},"type":"if","locations":[{"start":{"line":15,"column":4},"end":{"line":15,"column":null}},{"start":{},"end":{}}],"line":15},"2":{"loc":{"start":{"line":16,"column":4},"end":{"line":16,"column":null}},"type":"if","locations":[{"start":{"line":16,"column":4},"end":{"line":16,"column":null}},{"start":{},"end":{}}],"line":16},"3":{"loc":{"start":{"line":28,"column":7},"end":{"line":31,"column":null}},"type":"binary-expr","locations":[{"start":{"line":28,"column":7},"end":{"line":28,"column":null}},{"start":{"line":29,"column":8},"end":{"line":31,"column":null}}],"line":28}},"s":{"0":1,"1":7,"2":7,"3":2,"4":5,"5":3,"6":2,"7":2,"8":1,"9":7},"f":{"0":7,"1":7},"b":{"0":[2,5],"1":[3,2],"2":[1,1],"3":[7,1]},"meta":{"lastBranch":4,"lastFunction":2,"lastStatement":10,"seen":{"s:8:71:35:Infinity":0,"f:8:71:8:72":0,"s:13:19:18:Infinity":1,"f:13:19:13:25":1,"b:14:4:14:Infinity:undefined:undefined:undefined:undefined":0,"s:14:4:14:Infinity":2,"s:14:31:14:Infinity":3,"b:15:4:15:Infinity:undefined:undefined:undefined:undefined":1,"s:15:4:15:Infinity":4,"s:15:31:15:Infinity":5,"b:16:4:16:Infinity:undefined:undefined:undefined:undefined":2,"s:16:4:16:Infinity":6,"s:16:31:16:Infinity":7,"s:17:4:17:Infinity":8,"s:20:2:33:Infinity":9,"b:28:7:28:Infinity:29:8:31:Infinity":3}}}
,"/Users/riyadmehdiyev/churnvision_web_1_0/frontend/src/components/risk/RiskIndicator.tsx": {"path":"/Users/riyadmehdiyev/churnvision_web_1_0/frontend/src/components/risk/RiskIndicator.tsx","statementMap":{"0":{"start":{"line":15,"column":16},"end":{"line":34,"column":null}},"1":{"start":{"line":42,"column":16},"end":{"line":42,"column":null}},"2":{"start":{"line":43,"column":8},"end":{"line":43,"column":null}},"3":{"start":{"line":44,"column":40},"end":{"line":44,"column":null}},"4":{"start":{"line":46,"column":2},"end":{"line":49,"column":null}},"5":{"start":{"line":47,"column":10},"end":{"line":47,"column":null}},"6":{"start":{"line":47,"column":65},"end":{"line":47,"column":86}},"7":{"start":{"line":48,"column":4},"end":{"line":48,"column":null}},"8":{"start":{"line":48,"column":17},"end":{"line":48,"column":null}},"9":{"start":{"line":52,"column":16},"end":{"line":52,"column":null}},"10":{"start":{"line":54,"column":11},"end":{"line":54,"column":null}},"11":{"start":{"line":55,"column":15},"end":{"line":55,"column":null}},"12":{"start":{"line":56,"column":13},"end":{"line":56,"column":null}},"13":{"start":{"line":57,"column":18},"end":{"line":57,"column":null}},"14":{"start":{"line":58,"column":41},"end":{"line":58,"column":null}},"15":{"start":{"line":60,"column":2},"end":{"line":78,"column":null}},"16":{"start":{"line":61,"column":4},"end":{"line":61,"column":null}},"17":{"start":{"line":62,"column":4},"end":{"line":62,"column":null}},"18":{"start":{"line":63,"column":4},"end":{"line":63,"column":null}},"19":{"start":{"line":64,"column":4},"end":{"line":64,"column":null}},"20":{"start":{"line":65,"column":4},"end":{"line":65,"column":null}},"21":{"start":{"line":66,"column":2},"end":{"line":78,"column":null}},"22":{"start":{"line":67,"column":4},"end":{"line":67,"column":null}},"23":{"start":{"line":68,"column":4},"end":{"line":68,"column":null}},"24":{"start":{"line":69,"column":4},"end":{"line":69,"column":null}},"25":{"start":{"line":70,"column":4},"end":{"line":70,"column":null}},"26":{"start":{"line":71,"column":4},"end":{"line":71,"column":null}},"27":{"start":{"line":72,"column":2},"end":{"line":78,"column":null}},"28":{"start":{"line":73,"column":4},"end":{"line":73,"column":null}},"29":{"start":{"line":74,"column":4},"end":{"line":74,"column":null}},"30":{"start":{"line":75,"column":4},"end":{"line":75,"column":null}},"31":{"start":{"line":76,"column":4},"end":{"line":76,"column":null}},"32":{"start":{"line":77,"column":4},"end":{"line":77,"column":null}},"33":{"start":{"line":80,"column":49},"end":{"line":80,"column":null}},"34":{"start":{"line":81,"column":18},"end":{"line":81,"column":null}},"35":{"start":{"line":83,"column":2},"end":{"line":101,"column":null}}},"fnMap":{"0":{"name":"RiskIndicator","decl":{"start":{"line":36,"column":16},"end":{"line":36,"column":30}},"loc":{"start":{"line":41,"column":23},"end":{"line":103,"column":null}},"line":41},"1":{"name":"(anonymous_1)","decl":{"start":{"line":46,"column":18},"end":{"line":46,"column":24}},"loc":{"start":{"line":46,"column":24},"end":{"line":49,"column":5}},"line":46},"2":{"name":"(anonymous_2)","decl":{"start":{"line":47,"column":54},"end":{"line":47,"column":55}},"loc":{"start":{"line":47,"column":65},"end":{"line":47,"column":86}},"line":47},"3":{"name":"(anonymous_3)","decl":{"start":{"line":48,"column":11},"end":{"line":48,"column":17}},"loc":{"start":{"line":48,"column":17},"end":{"line":48,"column":null}},"line":48}},"branchMap":{"0":{"loc":{"start":{"line":38,"column":2},"end":{"line":38,"column":null}},"type":"default-arg","locations":[{"start":{"line":38,"column":9},"end":{"line":38,"column":null}}],"line":38},"1":{"loc":{"start":{"line":39,"column":2},"end":{"line":39,"column":null}},"type":"default-arg","locations":[{"start":{"line":39,"column":13},"end":{"line":39,"column":null}}],"line":39},"2":{"loc":{"start":{"line":42,"column":16},"end":{"line":42,"column":null}},"type":"cond-expr","locations":[{"start":{"line":42,"column":48},"end":{"line":42,"column":86}},{"start":{"line":42,"column":86},"end":{"line":42,"column":null}}],"line":42},"3":{"loc":{"start":{"line":52,"column":16},"end":{"line":52,"column":null}},"t
[...]
3,"column":10}},"loc":{"start":{"line":233,"column":32},"end":{"line":235,"column":null}},"line":233},"10":{"name":"(anonymous_10)","decl":{"start":{"line":240,"column":2},"end":{"line":240,"column":29}},"loc":{"start":{"line":240,"column":29},"end":{"line":249,"column":null}},"line":240},"11":{"name":"(anonymous_11)","decl":{"start":{"line":254,"column":2},"end":{"line":254,"column":29}},"loc":{"start":{"line":254,"column":29},"end":{"line":256,"column":null}},"line":254},"12":{"name":"(anonymous_12)","decl":{"start":{"line":261,"column":2},"end":{"line":261,"column":20}},"loc":{"start":{"line":261,"column":20},"end":{"line":267,"column":null}},"line":261},"13":{"name":"(anonymous_13)","decl":{"start":{"line":272,"column":2},"end":{"line":272,"column":50}},"loc":{"start":{"line":272,"column":50},"end":{"line":275,"column":null}},"line":272}},"branchMap":{"0":{"loc":{"start":{"line":78,"column":6},"end":{"line":80,"column":null}},"type":"if","locations":[{"start":{"line":78,"column":6},"end":{"line":80,"column":null}},{"start":{},"end":{}}],"line":78},"1":{"loc":{"start":{"line":79,"column":24},"end":{"line":79,"column":70}},"type":"binary-expr","locations":[{"start":{"line":79,"column":24},"end":{"line":79,"column":56}},{"start":{"line":79,"column":56},"end":{"line":79,"column":70}}],"line":79},"2":{"loc":{"start":{"line":92,"column":19},"end":{"line":92,"column":null}},"type":"binary-expr","locations":[{"start":{"line":92,"column":19},"end":{"line":92,"column":37}},{"start":{"line":92,"column":37},"end":{"line":92,"column":null}}],"line":92},"3":{"loc":{"start":{"line":97,"column":6},"end":{"line":108,"column":null}},"type":"if","locations":[{"start":{"line":97,"column":6},"end":{"line":108,"column":null}},{"start":{},"end":{}}],"line":97},"4":{"loc":{"start":{"line":100,"column":8},"end":{"line":106,"column":null}},"type":"if","locations":[{"start":{"line":100,"column":8},"end":{"line":106,"column":null}},{"start":{},"end":{}}],"line":100},"5":{"loc":{"start":{"line":102,"column":26},"end":{"line":102,"column":null}},"type":"binary-expr","locations":[{"start":{"line":102,"column":26},"end":{"line":102,"column":51}},{"start":{"line":102,"column":51},"end":{"line":102,"column":null}}],"line":102},"6":{"loc":{"start":{"line":107,"column":24},"end":{"line":107,"column":55}},"type":"binary-expr","locations":[{"start":{"line":107,"column":24},"end":{"line":107,"column":34}},{"start":{"line":107,"column":34},"end":{"line":107,"column":55}}],"line":107},"7":{"loc":{"start":{"line":119,"column":6},"end":{"line":127,"column":null}},"type":"if","locations":[{"start":{"line":119,"column":6},"end":{"line":127,"column":null}},{"start":{},"end":{}}],"line":119},"8":{"loc":{"start":{"line":141,"column":4},"end":{"line":143,"column":null}},"type":"if","locations":[{"start":{"line":141,"column":4},"end":{"line":143,"column":null}},{"start":{},"end":{}}],"line":141},"9":{"loc":{"start":{"line":153,"column":6},"end":{"line":155,"column":null}},"type":"if","locations":[{"start":{"line":153,"column":6},"end":{"line":155,"column":null}},{"start":{},"end":{}}],"line":153},"10":{"loc":{"start":{"line":153,"column":10},"end":{"line":153,"column":71}},"type":"binary-expr","locations":[{"start":{"line":153,"column":10},"end":{"line":153,"column":39}},{"start":{"line":153,"column":39},"end":{"line":153,"column":71}}],"line":153},"11":{"loc":{"start":{"line":165,"column":4},"end":{"line":167,"column":null}},"type":"if","locations":[{"start":{"line":165,"column":4},"end":{"line":167,"column":null}},{"start":{},"end":{}}],"line":165},"12":{"loc":{"start":{"line":177,"column":6},"end":{"line":179,"column":null}},"type":"if","locations":[{"start":{"line":177,"column":6},"end":{"line":179,"column":null}},{"start":{},"end":{}}],"line":177},"13":{"loc":{"start":{"line":177,"column":10},"end":{"line":177,"column":71}},"type":"binary-expr","locations":[{"start":{"line":177,"column":10},"end":{"line":177,"column":39}},{"start":{"line":177,"column":39},"end":{"line":177,"column":71}}],"line":177},"14":{"loc":{"start":{"line":189,"column":4},"end":{"line":191,"column":null}},"type":"if","locations":[{"start":{"line":189,"column":4},"end":{"line":191,"column":null}},{"start":{},"end":{}}],"line":189},"15":{"loc":{"start":{"line":224,"column":6},"end":{"line":226,"column":null}},"type":"binary-expr","locations":[{"start":{"line":224,"column":6},"end":{"line":224,"column":null}},{"start":{"line":225,"column":6},"end":{"line":225,"column":null}},{"start":{"line":226,"column":6},"end":{"line":226,"column":null}}],"line":224},"16":{"loc":{"start":{"line":242,"column":4},"end":{"line":242,"column":null}},"type":"if","locations":[{"start":{"line":242,"column":4},"end":{"line":242,"column":null}},{"start":{},"end":{}}],"line":242},"17":{"loc":{"start":{"line":274,"column":11},"end":{"line":274,"column":null}},"type":"cond-expr","locations":[{"start":{"line":274,"column":19},"end":{"line":274,"column":58}},{"start":{"line":274,"column":58},"end":{"line":274,"column":null}}],"line":274}},"s":{"0":4,"1":4,"2":4,"3":3,"4":3,"5":1,"6":1,"7":1,"8":1,"9":2,"10":1,"11":1,"12":2,"13":2,"14":1,"15":1,"16":1,"17":1,"18":0,"19":0,"20":0,"21":0,"22":1,"23":0,"24":3,"25":3,"26":3,"27":2,"28":1,"29":3,"30":3,"31":3,"32":1,"33":2,"34":2,"35":1,"36":1,"37":1,"38":1,"39":1,"40":0,"41":0,"42":0,"43":0,"44":0,"45":0,"46":0,"47":0,"48":0,"49":0,"50":3,"51":3,"52":1,"53":2,"54":2,"55":1,"56":1,"57":1,"58":1,"59":3,"60":3,"61":26,"62":3,"63":3,"64":3,"65":1,"66":2,"67":2,"68":1,"69":2,"70":6,"71":6,"72":6,"73":6,"74":6,"75":2,"76":2,"77":4},"f":{"0":3,"1":2,"2":0,"3":3,"4":3,"5":0,"6":3,"7":3,"8":26,"9":3,"10":3,"11":2,"12":6,"13":2},"b":{"0":[1,1],"1":[1,0],"2":[2,2],"3":[1,0],"4":[0,1],"5":[0,0],"6":[1,0],"7":[2,1],"8":[1,2],"9":[1,0],"10":[1,1],"11":[0,0],"12":[0,0],"13":[0,0],"14":[1,2],"15":[26,17,17],"16":[1,2],"17":[1,1]},"meta":{"lastBranch":18,"lastFunction":14,"lastStatement":78,"seen":{"s:4:22:4:Infinity":0,"s:53:31:53:Infinity":1,"s:54:30:54:Infinity":2,"f:59:8:59:14":0,"s:60:4:82:Infinity":3,"s:61:23:61:Infinity":4,"s:63:61:63:Infinity":5,"s:66:6:66:Infinity":6,"s:67:6:67:Infinity":7,"s:69:6:76:Infinity":8,"b:78:6:80:Infinity:undefined:undefined:undefined:undefined":0,"s:78:6:80:Infinity":9,"s:79:8:79:Infinity":10,"b:79:24:79:56:79:56:79:70":1,"s:81:6:81:Infinity":11,"f:88:8:88:17":1,"s:89:4:110:Infinity":12,"s:90:23:93:Infinity":13,"b:92:19:92:37:92:37:92:Infinity":2,"s:95:6:95:Infinity":14,"b:97:6:108:Infinity:undefined:undefined:undefined:undefined":3,"s:97:6:108:Infinity":15,"s:98:23:98:Infinity":16,"b:100:8:106:Infinity:undefined:undefined:undefined:undefined":4,"s:100:8:106:Infinity":17,"s:101:27:104:Infinity":18,"f:101:38:101:39":2,"s:102:26:102:Infinity":19,"b:102:26:102:51:102:51:102:Infinity":5,"s:103:12:103:Infinity":20,"s:105:10:105:Infinity":21,"s:107:8:107:Infinity":22,"b:107:24:107:34:107:34:107:55":6,"s:109:6:109:Infinity":23,"f:116:8:116:32":3,"s:117:4:133:Infinity":24,"s:118:20:118:Infinity":25,"b:119:6:127:Infinity:undefined:undefined:undefined:undefined":7,"s:119:6:127:Infinity":26,"s:120:8:126:Infinity":27,"s:129:6:129:Infinity":28,"s:132:6:132:Infinity":29,"f:139:8:139:44":4,"s:140:18:140:Infinity":30,"b:141:4:143:Infinity:undefined:undefined:undefined:undefined":8,"s:141:4:143:Infinity":31,"s:142:6:142:Infinity":32,"s:145:4:157:Infinity":33,"s:146:23:148:Infinity":34,"s:150:6:150:Infinity":35,"s:151:6:151:Infinity":36,"b:153:6:155:Infinity:undefined:undefined:undefined:undefined":9,"s:153:6:155:Infinity":37,"b:153:10:153:39:153:39:153:71":10,"s:154:8:154:Infinity":38,"s:156:6:156:Infinity":39,"f:163:8:163:52":5,"s:164:18:164:Infinity":40,"b:165:4:167:Infinity:undefined:undefined:undefined:undefined":11,"s:165:4:167:Infinity":41,"s:166:6:166:Infinity":42,"s:169:4:181:Infinity":43,"s:170:23:172:Infinity":44,"s:174:6:174:Infinity":45,"s:175:6:175:Infinity":46,"b:177:6:179:Infinity:undefined:undefined:undefined:undefined":12,"s:177:6:179:Infinity":47,"b:177:10:177:39:177:39:177:71":13,"s:178:8:178:Infinity":48,"s:180:6:180:Infinity":49,"f:187:8:187:40":6,"s:188:18:188:Infinity":50,"b:189:4:191:Infinity:undefined:undefined:undefined:undefined":14,"s:189:4:191:Infinity":51,"s:190:6:190:Infinity":52,"s:193:4:207:Infinity":53,"s:194:23:200:Infinity":54,"s:202:6:202:Infinity":55,"s:203:6:203:Infinity":56,"s:205:6:205:Infinity":57,"s:206:6:206:Infinity":58,"f:213:2:213:17":7,"s:214:4:214:Infinity":59,"s:216:4:216:Infinity":60,"f:222:2:222:34":8,"s:223:4:226:Infinity":61,"b:224:6:224:Infinity:225:6:225:Infinity:226:6:226:Infinity":15,"f:233:2:233:10":9,"s:234:4:234:Infinity":62,"f:240:2:240:29":10,"s:241:20:241:Infinity":63,"b:242:4:242:Infinity:undefined:undefined:undefined:undefined":16,"s:242:4:242:Infinity":64,"s:242:18:242:Infinity":65,"s:244:4:248:Infinity":66,"s:245:6:245:Infinity":67,"s:247:6:247:Infinity":68,"f:254:2:254:29":11,"s:255:4:255:Infinity":69,"f:261:2:261:20":12,"s:262:4:262:Infinity":70,"s:263:4:263:Infinity":71,"s:264:4:264:Infinity":72,"s:265:4:265:Infinity":73,"s:266:4:266:Infinity":74,"f:272:2:272:50":13,"s:273:18:273:Infinity":75,"s:274:4:274:Infinity":76,"b:274:19:274:58:274:58:274:Infinity":17,"s:278:27:278:Infinity":77}}}
,"/Users/riyadmehdiyev/churnvision_web_1_0/frontend/src/utils/clientLogger.ts": {"path":"/Users/riyadmehdiyev/churnvision_web_1_0/frontend/src/utils/clientLogger.ts","statementMap":{"0":{"start":{"line":16,"column":22},"end":{"line":16,"column":null}},"1":{"start":{"line":17,"column":21},"end":{"line":17,"column":null}},"2":{"start":{"line":20,"column":22},"end":{"line":38,"column":null}},"3":{"start":{"line":21,"column":2},"end":{"line":21,"column":null}},"4":{"start":{"line":21,"column":22},"end":{"line":21,"column":null}},"5":{"start":{"line":23,"column":8},"end":{"line":23,"column":null}},"6":{"start":{"line":24,"column":21},"end":{"line":24,"column":null}},"7":{"start":{"line":25,"column":16},"end":{"line":25,"column":null}},"8":{"start":{"line":26,"column":2},"end":{"line":36,"column":null}},"9":{"start":{"line":27,"column":4},"end":{"line":35,"column":null}},"10":{"start":{"line":28,"column":6},"end":{"line":32,"column":null}},"11":{"start":{"line":29,"column":8},"end":{"line":29,"column":null}},"12":{"start":{"line":31,"column":8},"end":{"line":31,"column":null}},"13":{"start":{"line":34,"column":6},"end":{"line":34,"column":null}},"14":{"start":{"line":37,"column":2},"end":{"line":37,"column":null}},"15":{"start":{"line":41,"column":31},"end":{"line":57,"column":null}},"16":{"start":{"line":41,"column":53},"end":{"line":57,"column":null}},"17":{"start":{"line":43,"column":4},"end":{"line":43,"column":null}},"18":{"start":{"line":43,"column":22},"end":{"line":43,"column":null}},"19":{"start":{"line":44,"column":4},"end":{"line":44,"column":null}},"20":{"start":{"line":47,"column":4},"end":{"line":49,"column":null}},"21":{"start":{"line":48,"column":6},"end":{"line":48,"column":null}},"22":{"start":{"line":52,"column":4},"end":{"line":52,"column":null}},"23":{"start":{"line":55,"column":4},"end":{"line":55,"column":null}},"24":{"start":{"line":60,"column":22},"end":{"line":87,"column":null}},"25":{"start":{"line":62,"column":4},"end":{"line":62,"column":null}},"26":{"start":{"line":62,"column":22},"end":{"line":62,"column":null}},"27":{"start":{"line":63,"column":4},"end":{"line":63,"column":null}},"28":{"start":{"line":67,"column":4},"end":{"line":69,"column":null}},"29":{"start":{"line":68,"column":6},"end":{"line":68,"column":null}},"30":{"start":{"line":73,"column":4},"end":{"line":73,"column":null}},"31":{"start":{"line":77,"column":4},"end":{"line":77,"column":null}},"32":{"start":{"line":90,"column":25},"end":{"line":95,"column":null}},"33":{"start":{"line":91,"column":41},"end":{"line":91,"column":null}},"34":{"start":{"line":92,"column":41},"end":{"line":92,"column":null}},"35":{"start":{"line":93,"column":42},"end":{"line":93,"column":null}},"36":{"start":{"line":94,"column":42},"end":{"line":94,"column":null}},"37":{"start":{"line":97,"column":24},"end":{"line":102,"column":null}},"38":{"start":{"line":98,"column":41},"end":{"line":98,"column":null}},"39":{"start":{"line":99,"column":41},"end":{"line":99,"column":null}},"40":{"start":{"line":100,"column":42},"end":{"line":100,"column":null}},"41":{"start":{"line":101,"column":42},"end":{"line":101,"column":null}}},"fnMap":{"0":{"name":"(anonymous_0)","decl":{"start":{"line":20,"column":22},"end":{"line":20,"column":23}},"loc":{"start":{"line":20,"column":107},"end":{"line":38,"column":null}},"line":20},"1":{"name":"(anonymous_1)","decl":{"start":{"line":41,"column":31},"end":{"line":41,"column":32}},"loc":{"start":{"line":41,"column":53},"end":{"line":57,"column":null}},"line":41},"2":{"name":"(anonymous_2)","decl":{"start":{"line":42,"column":9},"end":{"line":42,"column":10}},"loc":{"start":{"line":42,"column":48},"end":{"line":45,"column":null}},"line":42},"3":{"name":"(anonymous_3)","decl":{"start":{"line":46,"column":8},"end":{"line":46,"column":9}},"loc":{"start":{"line":46,"column":47},"end":{"line":50,"column":null}},"line":46},"4":{"name":"(anonymous_4)","decl":{"start":{"line":51,"column":8},"end":{"line":51,"column":9}},"loc":{"start":{"line":51,"column":47},"end":{"line":53,"column":null}},"line":51},"5":{"name":"(anonymous_5)","decl":{"start":{"line":54,"column":9},"end":{"line":54,"column":10}},"loc":{"start":{"line":54,"column":48},"end":{"line":56,"column":null}},"line":54},"6":{"name":"(anonymous_6)","decl":{"start":{"line":61,"column":9},"end":{"line":61,"column":10}},"loc":{"start":{"line":61,"column":66},"end":{"line":64,"column":null}},"line":61},"7":{"name":"(anonymous_7)","decl":{"start":{"line":66,"column":8},"end":{"line":66,"column":9}},"loc":{"start":{"line":66,"column":65},"end":{"line":70,"column":null}},"line":66},"8":{"name":"(anonymous_8)","decl":{"start":{"line":72,"column":8},"end":{"line":72,"column":9}},"loc":{"start":{"line":72,"column":65},"end":{"line":74,"column":null}},"line":72},"9":{"name":"(anonymous_9)","decl":{"start":{"line":76,"column":9},"end":{"line":76,"column":10}},"loc":{"start":{"line":76,"column":66},"end":{"line":78,"column":null}},"line":76},"10":{"name":"(anonymous_10)","decl":{"start":{"line":91,"column":8},"end":{"line":91,"column":9}},"loc":{"start":{"line":91,"column":41},"end":{"line":91,"column":null}},"line":91},"11":{"name":"(anonymous_11)","decl":{"start":{"line":92,"column":8},"end":{"line":92,"column":9}},"loc":{"start":{"line":92,"column":41},"end":{"line":92,"column":null}},"line":92},"12":{"name":"(anonymous_12)","decl":{"start":{"line":93,"column":9},"end":{"line":93,"column":10}},"loc":{"start":{"line":93,"column":42},"end":{"line":93,"column":null}},"line":93},"13":{"name":"(anonymous_13)","decl":{"start":{"line":94,"column":9},"end":{"line":94,"column":10}},"loc":{"start":{"line":94,"column":42},"end":{"line":94,"column":null}},"line":94},"14":{"name":"(anonymous_14)","decl":{"start":{"line":98,"column":8},"end":{"line":98,"column":9}},"loc":{"start":{"line":98,"column":41},"end":{"line":98,"column":null}},"line":98},"15":{"name":"(anonymous_15)","decl":{"start":{"line":99,"column":8},"end":{"line":99,"column":9}},"loc":{"start":{"line":99,"column":41},"end":{"line":99,"column":null}},"line":99},"16":{"name":"(anonymous_16)","decl":{"start":{"line":100,"column":9},"end":{"line":100,"column":10}},"loc":{"start":{"line":100,"column":42},"end":{"line":100,"column":null}},"line":100},"17":{"name":"(anonymous_17)","decl":{"start":{"line":101,"column":9},"end":{"line":101,"column":10}},"loc":{"start":{"line":101,"column":42},"end":{"line":101,"column":null}},"line":101}},"branchMap":{"0":{"loc":{"start":{"line":21,"column":2},"end":{"line":21,"column":null}},"type":"if","locations":[{"start":{"line":21,"column":2},"end":{"line":21,"column":null}},{"start":{},"end":{}}],"line":21},"1":{"loc":{"start":{"line":24,"column":21},"end":{"line":24,"column":null}},"type":"cond-expr","locations":[{"start":{"line":24,"column":31},"end":{"line":24,"column":49}},{"start":{"line":24,"column":49},"end":{"line":24,"column":null}}],"line":24},"2":{"loc":{"start":{"line":26,"column":2},"end":{"line":36,"column":null}},"type":"if","locations":[{"start":{"line":26,"column":2},"end":{"line":36,"column":null}},{"start":{},"end":{}}],"line":26},"3":{"loc":{"start":{"line":28,"column":6},"end":{"line":32,"column":null}},"type":"if","locations":[{"start":{"line":28,"column":6},"end":{"line":32,"column":null}},{"start":{"line":30,"column":13},"end":{"line":32,"column":null}}],"line":28},"4":{"loc":{"start":{"line":31,"column":30},"end":{"line":31,"column":110}},"type":"cond-expr","locations":[{"start":{"line":31,"column":57},"end":{"line":31,"column":98}},{"start":{"line":31,"column":98},"end":{"line":31,"column":110}}],"line":31},"5":{"loc":{"start":{"line":43,"column":4},"end":{"line":43,"column":null}},"type":"if","locations":[{"start":{"line":43,"column":4},"end":{"line":43,"column":null}},{"start":{},"end":{}}],"line":43},"6":{"loc":{"start":{"line":47,"column":4},"end":{"line":49,"column":null}},"type":"if","locations":[{"start":{"line":47,"column":4},"end":{"line":49,"column":null}},{"start":{},"end":{}}],"line":47},"7":{"loc":{"start":{"line":62,"column":4},"end":{"line":62,"column":null}},"type":"if","locations":[{"start":{"line":62,"column":4},"end":{"line":62,"column":null}},{"start":{},"end":{}}],"line":62},"8":{"loc":{"start":{"line":67,"column":4},"end":{"line":69,"column":null}},"type":"if","locations":[{"start":{"line":67,"column":4},"end":{"line":69,"column":null}},{"start":{},"end":{}}],"line":67}},"s":{"0":23,"1":23,"2":23,"3":31,"4":0,"5":31,"6":31,"7":31,"8":31,"9":21,"10":21,"11":1,"12":20,"13":1,"14":31,"15":23,"16":138,"17":0,"18":0,"19":0,"20":1,"21":1,"22":1,"23":0,"24":23,"25":9,"26":0,"27":9,"28":7,"29":7,"30":3,"31":10,"32":23,"33":1,"34":0,"35":0,"36":0,"37":23,"38":0,"39":1,"40":0,"41":0},"f":{"0":31,"1":138,"2":0,"3":1,"4":1,"5":0,"6":9,"7":7,"8":3,"9":10,"10":1,"11":0,"12":0,"13":0,"14":0,"15":1,"16":0,"17":0},"b":{"0":[0,31],"1":[21,10],"2":[21,10],"3":[1,20],"4":[20,0],"5":[0,0],"6":[1,0],"7":[0,9],"8":[7,0]},"meta":{"lastBranch":9,"lastFunction":18,"lastStatement":42,"seen":{"s:16:22:16:Infinity":0,"s:17:21:17:Infinity":1,"s:20:22:38:Infinity":2,"f:20:22:20:23":0,"b:21:2:21:Infinity:undefined:undefined:undefined:undefined":0,"s:21:2:21:Infinity":3,"s:21:22:21:Infinity":4,"s:23:8:23:Infinity":5,"s:24:21:24:Infinity":6,"b:24:31:24:49:24:49:24:Infinity":1,"s:25:16:25:Infinity":7,"b:26:2:36:Infinity:undefined:undefined:undefined:undefined":2,"s:26:2:36:Infinity":8,"s:27:4:35:Infinity":9,"b:28:6:32:Infinity:30:13:32:Infinity":3,"s:28:6:32:Infinity":10,"s:29:8:29:Infinity":11,"s:31:8:31:Infinity":12,"b:31:57:31:98:31:98:31:110":4,"s:34:6:34:Infinity":13,"s:37:2:37:Infinity":14,"s:41:31:57:Infinity":15,"f:41:31:41:32":1,"s:41:53:57:Infinity":16,"f:42:9:42:10":2,"b:43:4:43:Infinity:undefined:undefined:undefined:undefined":5,"s:43:4:43:Infinity":17,"s:43:22:43:Infinity":18,"s:44:4:44:Infinity":19,"f:46:8:46:9":3,"b:47:4:49:Infinity:undefined:undefined:undefined:undefined":6,"s:47:4:49:Infinity":20,"s:48:6:48:Infinity":21,"f:51:8:51:9":4,"s:52:4:52:Infinity":22,"f:54:9:54:10":5,"s:55:4:55:Infinity":23,"s:60:22:87:Infinity":24,"f:61:9:61:10":6,"b:62:4:62:Infinity:undefined:undefined:undefined:undefined":7,"s:62:4:62:Infinity":25,"s:62:22:62:Infinity":26,"s:63:4:63:Infinity":27,"f:66:8:66:9":7,"b:67:4:69:Infinity:undefined:undefined:undefined:undefined":8,"s:67:4:69:Infinity":28,"s:68:6:68:Infinity":29,"f:72:8:72:9":8,"s:73:4:73:Infinity":30,"f:76:9:76:10":9,"s:77:4:77:Infinity":31,"s:90:25:95:Infinity":32,"f:91:8:91:9":10,"s:91:41:91:Infinity":33,"f:92:8:92:9":11,"s:92:41:92:Infinity":34,"f:93:9:93:10":12,"s:93:42:93:Infinity":35,"f:94:9:94:10":13,"s:94:42:94:Infinity":36,"s:97:24:102:Infinity":37,"f:98:8:98:9":14,"s:98:41:98:Infinity":38,"f:99:8:99:9":15,"s:99:41:99:Infinity":39,"f:100:9:100:10":16,"s:100:42:100:Infinity":40,"f:101:9:101:10":17,"s:101:42:101:Infinity":41}}}
}
